                                 Started job on |	Jul 18 10:07:19
                             Started mapping on |	Jul 18 10:15:31
                                    Finished on |	Jul 18 10:16:05
       Mapping speed, Million of reads per hour |	264.96

                          Number of input reads |	2502374
                      Average input read length |	49
                                    UNIQUE READS:
                   Uniquely mapped reads number |	1687456
                        Uniquely mapped reads % |	67.43%
                          Average mapped length |	48.62
                       Number of splices: Total |	510670
            Number of splices: Annotated (sjdb) |	201729
                       Number of splices: GT/AG |	207821
                       Number of splices: GC/AG |	229483
                       Number of splices: AT/AC |	72
               Number of splices: Non-canonical |	73294
                      Mismatch rate per base, % |	0.53%
                         Deletion rate per base |	0.01%
                        Deletion average length |	1.82
                        Insertion rate per base |	0.00%
                       Insertion average length |	1.85
                             MULTI-MAPPING READS:
        Number of reads mapped to multiple loci |	144966
             % of reads mapped to multiple loci |	5.79%
        Number of reads mapped to too many loci |	264
             % of reads mapped to too many loci |	0.01%
                                  UNMAPPED READS:
       % of reads unmapped: too many mismatches |	0.00%
                 % of reads unmapped: too short |	26.76%
                     % of reads unmapped: other |	0.00%
                                  CHIMERIC READS:
                       Number of chimeric reads |	0
                            % of chimeric reads |	0.00%
