                                 Started job on |	Jul 18 10:07:22
                             Started mapping on |	Jul 18 10:15:42
                                    Finished on |	Jul 18 10:16:09
       Mapping speed, Million of reads per hour |	304.22

                          Number of input reads |	2281678
                      Average input read length |	49
                                    UNIQUE READS:
                   Uniquely mapped reads number |	1359533
                        Uniquely mapped reads % |	59.58%
                          Average mapped length |	48.64
                       Number of splices: Total |	410757
            Number of splices: Annotated (sjdb) |	162760
                       Number of splices: GT/AG |	168168
                       Number of splices: GC/AG |	183828
                       Number of splices: AT/AC |	64
               Number of splices: Non-canonical |	58697
                      Mismatch rate per base, % |	0.54%
                         Deletion rate per base |	0.01%
                        Deletion average length |	1.81
                        Insertion rate per base |	0.00%
                       Insertion average length |	1.88
                             MULTI-MAPPING READS:
        Number of reads mapped to multiple loci |	125417
             % of reads mapped to multiple loci |	5.50%
        Number of reads mapped to too many loci |	146
             % of reads mapped to too many loci |	0.01%
                                  UNMAPPED READS:
       % of reads unmapped: too many mismatches |	0.00%
                 % of reads unmapped: too short |	34.91%
                     % of reads unmapped: other |	0.00%
                                  CHIMERIC READS:
                       Number of chimeric reads |	0
                            % of chimeric reads |	0.00%
