                                 Started job on |	Jul 18 10:15:03
                             Started mapping on |	Jul 18 10:16:19
                                    Finished on |	Jul 18 10:17:33
       Mapping speed, Million of reads per hour |	322.43

                          Number of input reads |	6627643
                      Average input read length |	49
                                    UNIQUE READS:
                   Uniquely mapped reads number |	4495754
                        Uniquely mapped reads % |	67.83%
                          Average mapped length |	48.70
                       Number of splices: Total |	1296497
            Number of splices: Annotated (sjdb) |	511191
                       Number of splices: GT/AG |	523644
                       Number of splices: GC/AG |	587164
                       Number of splices: AT/AC |	226
               Number of splices: Non-canonical |	185463
                      Mismatch rate per base, % |	0.55%
                         Deletion rate per base |	0.01%
                        Deletion average length |	1.75
                        Insertion rate per base |	0.00%
                       Insertion average length |	1.82
                             MULTI-MAPPING READS:
        Number of reads mapped to multiple loci |	537476
             % of reads mapped to multiple loci |	8.11%
        Number of reads mapped to too many loci |	581
             % of reads mapped to too many loci |	0.01%
                                  UNMAPPED READS:
       % of reads unmapped: too many mismatches |	0.00%
                 % of reads unmapped: too short |	24.05%
                     % of reads unmapped: other |	0.00%
                                  CHIMERIC READS:
                       Number of chimeric reads |	0
                            % of chimeric reads |	0.00%
