                                 Started job on |	Jul 18 10:15:03
                             Started mapping on |	Jul 18 10:15:46
                                    Finished on |	Jul 18 10:16:56
       Mapping speed, Million of reads per hour |	336.44

                          Number of input reads |	6541888
                      Average input read length |	49
                                    UNIQUE READS:
                   Uniquely mapped reads number |	4582372
                        Uniquely mapped reads % |	70.05%
                          Average mapped length |	48.72
                       Number of splices: Total |	1306714
            Number of splices: Annotated (sjdb) |	515965
                       Number of splices: GT/AG |	525713
                       Number of splices: GC/AG |	592292
                       Number of splices: AT/AC |	241
               Number of splices: Non-canonical |	188468
                      Mismatch rate per base, % |	0.44%
                         Deletion rate per base |	0.01%
                        Deletion average length |	1.74
                        Insertion rate per base |	0.00%
                       Insertion average length |	1.80
                             MULTI-MAPPING READS:
        Number of reads mapped to multiple loci |	392195
             % of reads mapped to multiple loci |	6.00%
        Number of reads mapped to too many loci |	859
             % of reads mapped to too many loci |	0.01%
                                  UNMAPPED READS:
       % of reads unmapped: too many mismatches |	0.00%
                 % of reads unmapped: too short |	23.94%
                     % of reads unmapped: other |	0.00%
                                  CHIMERIC READS:
                       Number of chimeric reads |	0
                            % of chimeric reads |	0.00%
