                                 Started job on |	Jul 18 10:06:34
                             Started mapping on |	Jul 18 10:07:19
                                    Finished on |	Jul 18 10:15:01
       Mapping speed, Million of reads per hour |	34.37

                          Number of input reads |	4410572
                      Average input read length |	49
                                    UNIQUE READS:
                   Uniquely mapped reads number |	2494321
                        Uniquely mapped reads % |	56.55%
                          Average mapped length |	48.66
                       Number of splices: Total |	677009
            Number of splices: Annotated (sjdb) |	267038
                       Number of splices: GT/AG |	276309
                       Number of splices: GC/AG |	304299
                       Number of splices: AT/AC |	136
               Number of splices: Non-canonical |	96265
                      Mismatch rate per base, % |	1.13%
                         Deletion rate per base |	0.01%
                        Deletion average length |	1.77
                        Insertion rate per base |	0.00%
                       Insertion average length |	1.83
                             MULTI-MAPPING READS:
        Number of reads mapped to multiple loci |	435431
             % of reads mapped to multiple loci |	9.87%
        Number of reads mapped to too many loci |	271
             % of reads mapped to too many loci |	0.01%
                                  UNMAPPED READS:
       % of reads unmapped: too many mismatches |	0.00%
                 % of reads unmapped: too short |	33.57%
                     % of reads unmapped: other |	0.00%
                                  CHIMERIC READS:
                       Number of chimeric reads |	0
                            % of chimeric reads |	0.00%
