                                 Started job on |	Jul 18 10:16:20
                             Started mapping on |	Jul 18 10:17:37
                                    Finished on |	Jul 18 10:18:19
       Mapping speed, Million of reads per hour |	286.84

                          Number of input reads |	3346446
                      Average input read length |	49
                                    UNIQUE READS:
                   Uniquely mapped reads number |	2086776
                        Uniquely mapped reads % |	62.36%
                          Average mapped length |	48.64
                       Number of splices: Total |	647187
            Number of splices: Annotated (sjdb) |	252884
                       Number of splices: GT/AG |	263953
                       Number of splices: GC/AG |	291923
                       Number of splices: AT/AC |	135
               Number of splices: Non-canonical |	91176
                      Mismatch rate per base, % |	0.51%
                         Deletion rate per base |	0.01%
                        Deletion average length |	1.80
                        Insertion rate per base |	0.00%
                       Insertion average length |	1.81
                             MULTI-MAPPING READS:
        Number of reads mapped to multiple loci |	176443
             % of reads mapped to multiple loci |	5.27%
        Number of reads mapped to too many loci |	305
             % of reads mapped to too many loci |	0.01%
                                  UNMAPPED READS:
       % of reads unmapped: too many mismatches |	0.00%
                 % of reads unmapped: too short |	32.36%
                     % of reads unmapped: other |	0.00%
                                  CHIMERIC READS:
                       Number of chimeric reads |	0
                            % of chimeric reads |	0.00%
