                                 Started job on |	Jul 18 10:15:14
                             Started mapping on |	Jul 18 10:15:58
                                    Finished on |	Jul 18 10:16:43
       Mapping speed, Million of reads per hour |	320.17

                          Number of input reads |	4002149
                      Average input read length |	49
                                    UNIQUE READS:
                   Uniquely mapped reads number |	2981986
                        Uniquely mapped reads % |	74.51%
                          Average mapped length |	48.67
                       Number of splices: Total |	983828
            Number of splices: Annotated (sjdb) |	386084
                       Number of splices: GT/AG |	401702
                       Number of splices: GC/AG |	443419
                       Number of splices: AT/AC |	205
               Number of splices: Non-canonical |	138502
                      Mismatch rate per base, % |	0.48%
                         Deletion rate per base |	0.01%
                        Deletion average length |	1.86
                        Insertion rate per base |	0.00%
                       Insertion average length |	1.81
                             MULTI-MAPPING READS:
        Number of reads mapped to multiple loci |	248892
             % of reads mapped to multiple loci |	6.22%
        Number of reads mapped to too many loci |	268
             % of reads mapped to too many loci |	0.01%
                                  UNMAPPED READS:
       % of reads unmapped: too many mismatches |	0.00%
                 % of reads unmapped: too short |	19.26%
                     % of reads unmapped: other |	0.00%
                                  CHIMERIC READS:
                       Number of chimeric reads |	0
                            % of chimeric reads |	0.00%
