                                 Started job on |	Jul 18 10:16:20
                             Started mapping on |	Jul 18 10:17:36
                                    Finished on |	Jul 18 10:18:11
       Mapping speed, Million of reads per hour |	299.75

                          Number of input reads |	2914229
                      Average input read length |	49
                                    UNIQUE READS:
                   Uniquely mapped reads number |	1796242
                        Uniquely mapped reads % |	61.64%
                          Average mapped length |	48.61
                       Number of splices: Total |	564492
            Number of splices: Annotated (sjdb) |	221640
                       Number of splices: GT/AG |	230812
                       Number of splices: GC/AG |	254193
                       Number of splices: AT/AC |	115
               Number of splices: Non-canonical |	79372
                      Mismatch rate per base, % |	0.51%
                         Deletion rate per base |	0.01%
                        Deletion average length |	1.83
                        Insertion rate per base |	0.00%
                       Insertion average length |	1.79
                             MULTI-MAPPING READS:
        Number of reads mapped to multiple loci |	151756
             % of reads mapped to multiple loci |	5.21%
        Number of reads mapped to too many loci |	238
             % of reads mapped to too many loci |	0.01%
                                  UNMAPPED READS:
       % of reads unmapped: too many mismatches |	0.00%
                 % of reads unmapped: too short |	33.15%
                     % of reads unmapped: other |	0.00%
                                  CHIMERIC READS:
                       Number of chimeric reads |	0
                            % of chimeric reads |	0.00%
