                                 Started job on |	Apr 23 07:36:50
                             Started mapping on |	Apr 23 07:38:01
                                    Finished on |	Apr 23 07:38:27
       Mapping speed, Million of reads per hour |	331.26

                          Number of input reads |	2392442
                      Average input read length |	49
                                    UNIQUE READS:
                   Uniquely mapped reads number |	1389823
                        Uniquely mapped reads % |	58.09%
                          Average mapped length |	48.65
                       Number of splices: Total |	420811
            Number of splices: Annotated (sjdb) |	165190
                       Number of splices: GT/AG |	172029
                       Number of splices: GC/AG |	189516
                       Number of splices: AT/AC |	77
               Number of splices: Non-canonical |	59189
                      Mismatch rate per base, % |	0.52%
                         Deletion rate per base |	0.01%
                        Deletion average length |	1.83
                        Insertion rate per base |	0.00%
                       Insertion average length |	1.80
                             MULTI-MAPPING READS:
        Number of reads mapped to multiple loci |	122087
             % of reads mapped to multiple loci |	5.10%
        Number of reads mapped to too many loci |	201
             % of reads mapped to too many loci |	0.01%
                                  UNMAPPED READS:
       % of reads unmapped: too many mismatches |	0.00%
                 % of reads unmapped: too short |	36.80%
                     % of reads unmapped: other |	0.00%
                                  CHIMERIC READS:
                       Number of chimeric reads |	0
                            % of chimeric reads |	0.00%
