                                 Started job on |	Jul 18 10:04:45
                             Started mapping on |	Jul 18 10:06:51
                                    Finished on |	Jul 18 10:15:01
       Mapping speed, Million of reads per hour |	37.84

                          Number of input reads |	5150977
                      Average input read length |	49
                                    UNIQUE READS:
                   Uniquely mapped reads number |	3694422
                        Uniquely mapped reads % |	71.72%
                          Average mapped length |	48.65
                       Number of splices: Total |	1158478
            Number of splices: Annotated (sjdb) |	452659
                       Number of splices: GT/AG |	472824
                       Number of splices: GC/AG |	522449
                       Number of splices: AT/AC |	208
               Number of splices: Non-canonical |	162997
                      Mismatch rate per base, % |	0.50%
                         Deletion rate per base |	0.01%
                        Deletion average length |	1.85
                        Insertion rate per base |	0.00%
                       Insertion average length |	1.83
                             MULTI-MAPPING READS:
        Number of reads mapped to multiple loci |	303726
             % of reads mapped to multiple loci |	5.90%
        Number of reads mapped to too many loci |	435
             % of reads mapped to too many loci |	0.01%
                                  UNMAPPED READS:
       % of reads unmapped: too many mismatches |	0.00%
                 % of reads unmapped: too short |	22.37%
                     % of reads unmapped: other |	0.00%
                                  CHIMERIC READS:
                       Number of chimeric reads |	0
                            % of chimeric reads |	0.00%
