                                 Started job on |	Jul 18 10:04:58
                             Started mapping on |	Jul 18 10:06:08
                                    Finished on |	Jul 18 10:07:01
       Mapping speed, Million of reads per hour |	332.24

                          Number of input reads |	4891330
                      Average input read length |	49
                                    UNIQUE READS:
                   Uniquely mapped reads number |	2798516
                        Uniquely mapped reads % |	57.21%
                          Average mapped length |	48.65
                       Number of splices: Total |	874683
            Number of splices: Annotated (sjdb) |	344593
                       Number of splices: GT/AG |	353414
                       Number of splices: GC/AG |	396515
                       Number of splices: AT/AC |	163
               Number of splices: Non-canonical |	124591
                      Mismatch rate per base, % |	0.47%
                         Deletion rate per base |	0.01%
                        Deletion average length |	1.76
                        Insertion rate per base |	0.00%
                       Insertion average length |	1.81
                             MULTI-MAPPING READS:
        Number of reads mapped to multiple loci |	263586
             % of reads mapped to multiple loci |	5.39%
        Number of reads mapped to too many loci |	5699
             % of reads mapped to too many loci |	0.12%
                                  UNMAPPED READS:
       % of reads unmapped: too many mismatches |	0.00%
                 % of reads unmapped: too short |	37.28%
                     % of reads unmapped: other |	0.00%
                                  CHIMERIC READS:
                       Number of chimeric reads |	0
                            % of chimeric reads |	0.00%
