                                 Started job on |	Jul 18 10:04:47
                             Started mapping on |	Jul 18 10:15:00
                                    Finished on |	Jul 18 10:16:01
       Mapping speed, Million of reads per hour |	237.06

                          Number of input reads |	4016870
                      Average input read length |	49
                                    UNIQUE READS:
                   Uniquely mapped reads number |	1888047
                        Uniquely mapped reads % |	47.00%
                          Average mapped length |	48.68
                       Number of splices: Total |	575998
            Number of splices: Annotated (sjdb) |	227718
                       Number of splices: GT/AG |	231619
                       Number of splices: GC/AG |	261921
                       Number of splices: AT/AC |	128
               Number of splices: Non-canonical |	82330
                      Mismatch rate per base, % |	0.47%
                         Deletion rate per base |	0.01%
                        Deletion average length |	1.78
                        Insertion rate per base |	0.00%
                       Insertion average length |	1.80
                             MULTI-MAPPING READS:
        Number of reads mapped to multiple loci |	183300
             % of reads mapped to multiple loci |	4.56%
        Number of reads mapped to too many loci |	279
             % of reads mapped to too many loci |	0.01%
                                  UNMAPPED READS:
       % of reads unmapped: too many mismatches |	0.00%
                 % of reads unmapped: too short |	48.43%
                     % of reads unmapped: other |	0.00%
                                  CHIMERIC READS:
                       Number of chimeric reads |	0
                            % of chimeric reads |	0.00%
