                                 Started job on |	Jul 18 10:02:43
                             Started mapping on |	Jul 18 10:03:49
                                    Finished on |	Jul 18 10:04:19
       Mapping speed, Million of reads per hour |	289.86

                          Number of input reads |	2415467
                      Average input read length |	49
                                    UNIQUE READS:
                   Uniquely mapped reads number |	1394884
                        Uniquely mapped reads % |	57.75%
                          Average mapped length |	48.66
                       Number of splices: Total |	430798
            Number of splices: Annotated (sjdb) |	169077
                       Number of splices: GT/AG |	175509
                       Number of splices: GC/AG |	194574
                       Number of splices: AT/AC |	84
               Number of splices: Non-canonical |	60631
                      Mismatch rate per base, % |	0.51%
                         Deletion rate per base |	0.01%
                        Deletion average length |	1.82
                        Insertion rate per base |	0.00%
                       Insertion average length |	1.82
                             MULTI-MAPPING READS:
        Number of reads mapped to multiple loci |	118606
             % of reads mapped to multiple loci |	4.91%
        Number of reads mapped to too many loci |	198
             % of reads mapped to too many loci |	0.01%
                                  UNMAPPED READS:
       % of reads unmapped: too many mismatches |	0.00%
                 % of reads unmapped: too short |	37.33%
                     % of reads unmapped: other |	0.00%
                                  CHIMERIC READS:
                       Number of chimeric reads |	0
                            % of chimeric reads |	0.00%
