                                 Started job on |	Apr 23 07:37:05
                             Started mapping on |	Apr 23 07:37:59
                                    Finished on |	Apr 23 07:38:42
       Mapping speed, Million of reads per hour |	293.69

                          Number of input reads |	3508010
                      Average input read length |	49
                                    UNIQUE READS:
                   Uniquely mapped reads number |	1647938
                        Uniquely mapped reads % |	46.98%
                          Average mapped length |	48.78
                       Number of splices: Total |	455111
            Number of splices: Annotated (sjdb) |	184158
                       Number of splices: GT/AG |	180380
                       Number of splices: GC/AG |	205488
                       Number of splices: AT/AC |	121
               Number of splices: Non-canonical |	69122
                      Mismatch rate per base, % |	0.43%
                         Deletion rate per base |	0.01%
                        Deletion average length |	1.75
                        Insertion rate per base |	0.00%
                       Insertion average length |	1.74
                             MULTI-MAPPING READS:
        Number of reads mapped to multiple loci |	137136
             % of reads mapped to multiple loci |	3.91%
        Number of reads mapped to too many loci |	344
             % of reads mapped to too many loci |	0.01%
                                  UNMAPPED READS:
       % of reads unmapped: too many mismatches |	0.00%
                 % of reads unmapped: too short |	49.10%
                     % of reads unmapped: other |	0.00%
                                  CHIMERIC READS:
                       Number of chimeric reads |	0
                            % of chimeric reads |	0.00%
