                                 Started job on |	Apr 23 07:38:13
                             Started mapping on |	Apr 23 07:39:38
                                    Finished on |	Apr 23 07:40:32
       Mapping speed, Million of reads per hour |	408.04

                          Number of input reads |	6120548
                      Average input read length |	49
                                    UNIQUE READS:
                   Uniquely mapped reads number |	3743027
                        Uniquely mapped reads % |	61.16%
                          Average mapped length |	48.72
                       Number of splices: Total |	1105759
            Number of splices: Annotated (sjdb) |	438530
                       Number of splices: GT/AG |	440915
                       Number of splices: GC/AG |	501611
                       Number of splices: AT/AC |	210
               Number of splices: Non-canonical |	163023
                      Mismatch rate per base, % |	0.43%
                         Deletion rate per base |	0.01%
                        Deletion average length |	1.77
                        Insertion rate per base |	0.00%
                       Insertion average length |	1.77
                             MULTI-MAPPING READS:
        Number of reads mapped to multiple loci |	313617
             % of reads mapped to multiple loci |	5.12%
        Number of reads mapped to too many loci |	420
             % of reads mapped to too many loci |	0.01%
                                  UNMAPPED READS:
       % of reads unmapped: too many mismatches |	0.00%
                 % of reads unmapped: too short |	33.71%
                     % of reads unmapped: other |	0.00%
                                  CHIMERIC READS:
                       Number of chimeric reads |	0
                            % of chimeric reads |	0.00%
