                                 Started job on |	Apr 23 07:37:05
                             Started mapping on |	Apr 23 07:38:09
                                    Finished on |	Apr 23 07:46:52
       Mapping speed, Million of reads per hour |	30.29

                          Number of input reads |	4400904
                      Average input read length |	49
                                    UNIQUE READS:
                   Uniquely mapped reads number |	1885848
                        Uniquely mapped reads % |	42.85%
                          Average mapped length |	48.65
                       Number of splices: Total |	473619
            Number of splices: Annotated (sjdb) |	183485
                       Number of splices: GT/AG |	193704
                       Number of splices: GC/AG |	212423
                       Number of splices: AT/AC |	101
               Number of splices: Non-canonical |	67391
                      Mismatch rate per base, % |	1.58%
                         Deletion rate per base |	0.01%
                        Deletion average length |	1.72
                        Insertion rate per base |	0.00%
                       Insertion average length |	1.71
                             MULTI-MAPPING READS:
        Number of reads mapped to multiple loci |	446593
             % of reads mapped to multiple loci |	10.15%
        Number of reads mapped to too many loci |	233
             % of reads mapped to too many loci |	0.01%
                                  UNMAPPED READS:
       % of reads unmapped: too many mismatches |	0.00%
                 % of reads unmapped: too short |	47.00%
                     % of reads unmapped: other |	0.00%
                                  CHIMERIC READS:
                       Number of chimeric reads |	0
                            % of chimeric reads |	0.00%
