                                 Started job on |	Jul 18 10:06:31
                             Started mapping on |	Jul 18 10:15:30
                                    Finished on |	Jul 18 10:16:29
       Mapping speed, Million of reads per hour |	241.42

                          Number of input reads |	3956611
                      Average input read length |	49
                                    UNIQUE READS:
                   Uniquely mapped reads number |	1547139
                        Uniquely mapped reads % |	39.10%
                          Average mapped length |	48.69
                       Number of splices: Total |	413011
            Number of splices: Annotated (sjdb) |	160973
                       Number of splices: GT/AG |	166608
                       Number of splices: GC/AG |	187249
                       Number of splices: AT/AC |	79
               Number of splices: Non-canonical |	59075
                      Mismatch rate per base, % |	1.24%
                         Deletion rate per base |	0.01%
                        Deletion average length |	1.74
                        Insertion rate per base |	0.00%
                       Insertion average length |	1.83
                             MULTI-MAPPING READS:
        Number of reads mapped to multiple loci |	314764
             % of reads mapped to multiple loci |	7.96%
        Number of reads mapped to too many loci |	353
             % of reads mapped to too many loci |	0.01%
                                  UNMAPPED READS:
       % of reads unmapped: too many mismatches |	0.00%
                 % of reads unmapped: too short |	52.93%
                     % of reads unmapped: other |	0.00%
                                  CHIMERIC READS:
                       Number of chimeric reads |	0
                            % of chimeric reads |	0.00%
