[2020-04-24 10:23:51,323] multiqc                                            [DEBUG  ]  No MultiQC config found: /Users/mikeconnelly/computing/programs/miniconda2/lib/python3.7/site-packages/multiqc_config.yaml
[2020-04-24 10:23:51,323] multiqc                                            [DEBUG  ]  No MultiQC config found: /Users/mikeconnelly/.multiqc_config.yaml
[2020-04-24 10:23:51,324] multiqc                                            [DEBUG  ]  No MultiQC config found: multiqc_config.yaml
[2020-04-24 10:23:51,324] multiqc                                            [DEBUG  ]  Command used: /Users/mikeconnelly/computing/programs/miniconda2/bin/multiqc .
[2020-04-24 10:23:53,398] multiqc                                            [DEBUG  ]  Latest MultiQC version is v1.8
[2020-04-24 10:23:53,398] multiqc                                            [INFO   ]  This is MultiQC v1.8 (ff743f6)
[2020-04-24 10:23:53,398] multiqc                                            [DEBUG  ]  Command     : /Users/mikeconnelly/computing/programs/miniconda2/bin/multiqc .
[2020-04-24 10:23:53,399] multiqc                                            [DEBUG  ]  Working dir : /Users/mikeconnelly/computing/projects/EAPSI_Symbiodinaceae/outputs/Pdam_unmapped_fastqcs
[2020-04-24 10:23:53,399] multiqc                                            [INFO   ]  Template    : default
[2020-04-24 10:23:53,399] multiqc                                            [DEBUG  ]  Running Python 3.7.2 (default, Dec 29 2018, 00:00:04)  [Clang 4.0.1 (tags/RELEASE_401/final)]
[2020-04-24 10:23:53,399] multiqc                                            [INFO   ]  Searching   : /Users/mikeconnelly/computing/projects/EAPSI_Symbiodinaceae/outputs/Pdam_unmapped_fastqcs
[2020-04-24 10:23:53,400] multiqc                                            [DEBUG  ]  Analysing modules: custom_content, conpair, peddy, methylQA, phantompeakqualtools, qualimap, preseq, quast, qorts, rna_seqc, rsem, rseqc, busco, goleft_indexcov, disambiguate, supernova, deeptools, sargasso, verifybamid, mirtrace, happy, homer, macs2, theta2, snpeff, gatk, htseq, bcftools, featureCounts, fgbio, dedup, damageprofiler, biobambam2, mtnucratio, picard, prokka, samblaster, samtools, sexdeterrmine, bamtools, jellyfish, vcftools, longranger, stacks, bbmap, bismark, biscuit, hicexplorer, hicup, hicpro, salmon, kallisto, slamdunk, star, hisat2, tophat, bowtie2, bowtie1, kat, leehom, adapterRemoval, clipandmerge, cutadapt, flexbar, trimmomatic, skewer, sortmerna, biobloomtools, fastq_screen, afterqc, fastp, fastqc, minionqc, mosdepth, clusterflow, bcl2fastq, interop, flash, seqyclean
[2020-04-24 10:23:53,400] multiqc                                            [DEBUG  ]  Using temporary directory for creating report: /var/folders/1y/kj04j1r14wl12yhwwhpfjwl80000gn/T/tmpbbl4jn32
[2020-04-24 10:23:53,550] multiqc                                            [DEBUG  ]  Ignoring file as matched an ignore pattern: Wt2-4a_PdamUnmapped.out.mate1_fastqc.html
[2020-04-24 10:23:53,551] multiqc                                            [DEBUG  ]  Ignoring file as matched an ignore pattern: Wt1-5c_PdamUnmapped.out.mate1_fastqc.html
[2020-04-24 10:23:53,560] multiqc                                            [DEBUG  ]  Ignoring file as matched an ignore pattern: Wt2-5c_PdamUnmapped.out.mate1_fastqc.html
[2020-04-24 10:23:53,560] multiqc                                            [DEBUG  ]  Ignoring file as matched an ignore pattern: Wt1-4a_PdamUnmapped.out.mate1_fastqc.html
[2020-04-24 10:23:53,561] multiqc                                            [DEBUG  ]  Ignoring file as matched an ignore pattern: Hw2-6c_PdamUnmapped.out.mate1_fastqc.html
[2020-04-24 10:23:53,561] multiqc                                            [DEBUG  ]  Ignoring file as matched an ignore pattern: Hw1-6c_PdamUnmapped.out.mate1_fastqc.html
[2020-04-24 10:23:53,562] multiqc                                            [DEBUG  ]  Ignoring file as matched an ignore pattern: .DS_Store
[2020-04-24 10:23:53,562] multiqc                                            [DEBUG  ]  Ignoring file as matched an ignore pattern: Wt1-6c_PdamUnmapped.out.mate1_fastqc.html
[2020-04-24 10:23:53,562] multiqc                                            [DEBUG  ]  Ignoring file as matched an ignore pattern: Wt2-6c_PdamUnmapped.out.mate1_fastqc.html
[2020-04-24 10:23:53,563] multiqc                                            [DEBUG  ]  Ignoring file as matched an ignore pattern: Hw2-5c_PdamUnmapped.out.mate1_fastqc.html
[2020-04-24 10:23:53,563] multiqc                                            [DEBUG  ]  Ignoring file as matched an ignore pattern: Hw1-4a_PdamUnmapped.out.mate1_fastqc.html
[2020-04-24 10:23:53,563] multiqc                                            [DEBUG  ]  Ignoring file as matched an ignore pattern: Hw2-4a_PdamUnmapped.out.mate1_fastqc.html
[2020-04-24 10:23:53,563] multiqc                                            [DEBUG  ]  Ignoring file as matched an ignore pattern: Hw1-5c_PdamUnmapped.out.mate1_fastqc.html
[2020-04-24 10:23:53,564] multiqc                                            [DEBUG  ]  Ignoring file as matched an ignore pattern: Wt1-5b_PdamUnmapped.out.mate1_fastqc.html
[2020-04-24 10:23:53,564] multiqc                                            [DEBUG  ]  Ignoring file as matched an ignore pattern: Wt2-5b_PdamUnmapped.out.mate1_fastqc.html
[2020-04-24 10:23:53,564] multiqc                                            [DEBUG  ]  Ignoring file as matched an ignore pattern: Hw2-6b_PdamUnmapped.out.mate1_fastqc.html
[2020-04-24 10:23:53,565] multiqc                                            [DEBUG  ]  Ignoring file as matched an ignore pattern: Hw1-1a_PdamUnmapped.out.mate1_fastqc.html
[2020-04-24 10:23:53,565] multiqc                                            [DEBUG  ]  Ignoring file as matched an ignore pattern: Hw2-1a_PdamUnmapped.out.mate1_fastqc.html
[2020-04-24 10:23:53,565] multiqc                                            [DEBUG  ]  Ignoring file as matched an ignore pattern: Hw1-6b_PdamUnmapped.out.mate1_fastqc.html
[2020-04-24 10:23:53,566] multiqc                                            [DEBUG  ]  Ignoring file as matched an ignore pattern: Wt1-6b_PdamUnmapped.out.mate1_fastqc.html
[2020-04-24 10:23:53,566] multiqc                                            [DEBUG  ]  Ignoring file as matched an ignore pattern: Wt2-1a_PdamUnmapped.out.mate1_fastqc.html
[2020-04-24 10:23:53,566] multiqc                                            [DEBUG  ]  Ignoring file as matched an ignore pattern: Wt1-1a_PdamUnmapped.out.mate1_fastqc.html
[2020-04-24 10:23:53,566] multiqc                                            [DEBUG  ]  Ignoring file as matched an ignore pattern: Wt2-6b_PdamUnmapped.out.mate1_fastqc.html
[2020-04-24 10:23:53,566] multiqc                                            [DEBUG  ]  Ignoring file as matched an ignore pattern: Hw2-5b_PdamUnmapped.out.mate1_fastqc.html
[2020-04-24 10:23:53,568] multiqc                                            [DEBUG  ]  Ignoring file as matched an ignore pattern: Hw1-5b_PdamUnmapped.out.mate1_fastqc.html
[2020-04-24 10:23:53,568] multiqc                                            [DEBUG  ]  Ignoring file as matched an ignore pattern: Wt1-5a_PdamUnmapped.out.mate1_fastqc.html
[2020-04-24 10:23:53,569] multiqc                                            [DEBUG  ]  Ignoring file as matched an ignore pattern: Wt2-4c_PdamUnmapped.out.mate1_fastqc.html
[2020-04-24 10:23:53,569] multiqc                                            [DEBUG  ]  Ignoring file as matched an ignore pattern: Wt1-4c_PdamUnmapped.out.mate1_fastqc.html
[2020-04-24 10:23:53,569] multiqc                                            [DEBUG  ]  Ignoring file as matched an ignore pattern: Wt2-5a_PdamUnmapped.out.mate1_fastqc.html
[2020-04-24 10:23:53,570] multiqc                                            [DEBUG  ]  Ignoring file as matched an ignore pattern: Hw1-1b_PdamUnmapped.out.mate1_fastqc.html
[2020-04-24 10:23:53,570] multiqc                                            [DEBUG  ]  Ignoring file as matched an ignore pattern: Hw1-6a_PdamUnmapped.out.mate1_fastqc.html
[2020-04-24 10:23:53,570] multiqc                                            [DEBUG  ]  Ignoring file as matched an ignore pattern: Hw2-1b_PdamUnmapped.out.mate1_fastqc.html
[2020-04-24 10:23:53,571] multiqc                                            [DEBUG  ]  Ignoring file as matched an ignore pattern: Wt2-1b_PdamUnmapped.out.mate1_fastqc.html
[2020-04-24 10:23:53,571] multiqc                                            [DEBUG  ]  Ignoring file as matched an ignore pattern: Wt1-6a_PdamUnmapped.out.mate1_fastqc.html
[2020-04-24 10:23:53,571] multiqc                                            [DEBUG  ]  Ignoring file as matched an ignore pattern: Wt2-6a_PdamUnmapped.out.mate1_fastqc.html
[2020-04-24 10:23:53,571] multiqc                                            [DEBUG  ]  Ignoring file as matched an ignore pattern: Wt1-1b_PdamUnmapped.out.mate1_fastqc.html
[2020-04-24 10:23:53,572] multiqc                                            [DEBUG  ]  Ignoring file as matched an ignore pattern: Hw1-4c_PdamUnmapped.out.mate1_fastqc.html
[2020-04-24 10:23:53,572] multiqc                                            [DEBUG  ]  Ignoring file as matched an ignore pattern: Hw2-5a_PdamUnmapped.out.mate1_fastqc.html
[2020-04-24 10:23:53,572] multiqc                                            [DEBUG  ]  Ignoring file as matched an ignore pattern: Hw1-5a_PdamUnmapped.out.mate1_fastqc.html
[2020-04-24 10:23:53,573] multiqc                                            [DEBUG  ]  Ignoring file as matched an ignore pattern: Hw2-4c_PdamUnmapped.out.mate1_fastqc.html
[2020-04-24 10:23:53,573] multiqc                                            [DEBUG  ]  Ignoring file as matched an ignore pattern: Wt2-4b_PdamUnmapped.out.mate1_fastqc.html
[2020-04-24 10:23:53,573] multiqc                                            [DEBUG  ]  Ignoring file as matched an ignore pattern: Wt1-4b_PdamUnmapped.out.mate1_fastqc.html
[2020-04-24 10:23:53,574] multiqc                                            [DEBUG  ]  Ignoring file as matched an ignore pattern: Hw1-1c_PdamUnmapped.out.mate1_fastqc.html
[2020-04-24 10:23:53,574] multiqc                                            [DEBUG  ]  Ignoring file as matched an ignore pattern: Hw2-1c_PdamUnmapped.out.mate1_fastqc.html
[2020-04-24 10:23:53,575] multiqc                                            [DEBUG  ]  Ignoring file as matched an ignore pattern: Wt2-1c_PdamUnmapped.out.mate1_fastqc.html
[2020-04-24 10:23:53,575] multiqc                                            [DEBUG  ]  Ignoring file as matched an ignore pattern: Wt1-1c_PdamUnmapped.out.mate1_fastqc.html
[2020-04-24 10:23:53,575] multiqc                                            [DEBUG  ]  Ignoring file as matched an ignore pattern: Hw1-4b_PdamUnmapped.out.mate1_fastqc.html
[2020-04-24 10:23:53,576] multiqc                                            [DEBUG  ]  Ignoring file as matched an ignore pattern: Hw2-4b_PdamUnmapped.out.mate1_fastqc.html
[2020-04-24 10:23:54,134] multiqc.plots.bargraph                             [DEBUG  ]  Using matplotlib version 2.2.5
[2020-04-24 10:23:54,135] multiqc.plots.linegraph                            [DEBUG  ]  Using matplotlib version 2.2.5
[2020-04-24 10:23:54,137] multiqc                                            [DEBUG  ]  No samples found: custom_content
[2020-04-24 10:23:54,143] multiqc                                            [DEBUG  ]  No samples found: conpair
[2020-04-24 10:23:54,154] multiqc                                            [DEBUG  ]  No samples found: peddy
[2020-04-24 10:23:54,159] multiqc                                            [DEBUG  ]  No samples found: methylQA
[2020-04-24 10:23:54,165] multiqc                                            [DEBUG  ]  No samples found: phantompeakqualtools
[2020-04-24 10:23:54,173] multiqc                                            [DEBUG  ]  No samples found: qualimap
[2020-04-24 10:23:54,179] multiqc                                            [DEBUG  ]  No samples found: preseq
[2020-04-24 10:23:54,185] multiqc                                            [DEBUG  ]  No samples found: quast
[2020-04-24 10:23:54,190] multiqc                                            [DEBUG  ]  No samples found: qorts
[2020-04-24 10:23:54,194] multiqc                                            [DEBUG  ]  No samples found: rna_seqc
[2020-04-24 10:23:54,198] multiqc                                            [DEBUG  ]  No samples found: rsem
[2020-04-24 10:23:54,210] multiqc                                            [DEBUG  ]  No samples found: rseqc
[2020-04-24 10:23:54,214] multiqc                                            [DEBUG  ]  No samples found: busco
[2020-04-24 10:23:54,223] multiqc                                            [DEBUG  ]  No samples found: goleft_indexcov
[2020-04-24 10:23:54,228] multiqc                                            [DEBUG  ]  No samples found: disambiguate
[2020-04-24 10:23:54,233] multiqc                                            [DEBUG  ]  No samples found: supernova
[2020-04-24 10:23:54,263] multiqc                                            [DEBUG  ]  No samples found: deeptools
[2020-04-24 10:23:54,275] multiqc                                            [DEBUG  ]  No samples found: sargasso
[2020-04-24 10:23:54,283] multiqc                                            [DEBUG  ]  No samples found: verifybamid
[2020-04-24 10:23:54,290] multiqc                                            [DEBUG  ]  No samples found: mirtrace
[2020-04-24 10:23:54,296] multiqc                                            [DEBUG  ]  No samples found: happy
[2020-04-24 10:23:54,302] multiqc                                            [DEBUG  ]  No samples found: homer
[2020-04-24 10:23:54,308] multiqc                                            [DEBUG  ]  No samples found: macs2
[2020-04-24 10:23:54,315] multiqc                                            [DEBUG  ]  No samples found: theta2
[2020-04-24 10:23:54,321] multiqc                                            [DEBUG  ]  No samples found: snpeff
[2020-04-24 10:23:54,329] multiqc                                            [DEBUG  ]  No samples found: gatk
[2020-04-24 10:23:54,333] multiqc                                            [DEBUG  ]  No samples found: htseq
[2020-04-24 10:23:54,340] multiqc                                            [DEBUG  ]  No samples found: bcftools
[2020-04-24 10:23:54,345] multiqc                                            [DEBUG  ]  No samples found: featureCounts
[2020-04-24 10:23:54,351] multiqc                                            [DEBUG  ]  No samples found: fgbio
[2020-04-24 10:23:54,356] multiqc                                            [DEBUG  ]  No samples found: dedup
[2020-04-24 10:23:54,361] multiqc                                            [DEBUG  ]  No samples found: damageprofiler
[2020-04-24 10:23:54,379] multiqc                                            [DEBUG  ]  No samples found: biobambam2
[2020-04-24 10:23:54,383] multiqc                                            [DEBUG  ]  No samples found: mtnucratio
[2020-04-24 10:23:54,387] multiqc                                            [DEBUG  ]  No samples found: picard
[2020-04-24 10:23:54,407] multiqc                                            [DEBUG  ]  No samples found: prokka
[2020-04-24 10:23:54,411] multiqc                                            [DEBUG  ]  No samples found: samblaster
[2020-04-24 10:23:54,420] multiqc                                            [DEBUG  ]  No samples found: samtools
[2020-04-24 10:23:54,424] multiqc                                            [DEBUG  ]  No samples found: sexdeterrmine
[2020-04-24 10:23:54,429] multiqc                                            [DEBUG  ]  No samples found: bamtools
[2020-04-24 10:23:54,433] multiqc                                            [DEBUG  ]  No samples found: jellyfish
[2020-04-24 10:23:54,440] multiqc                                            [DEBUG  ]  No samples found: vcftools
[2020-04-24 10:23:54,444] multiqc                                            [DEBUG  ]  No samples found: longranger
[2020-04-24 10:23:54,449] multiqc                                            [DEBUG  ]  No samples found: stacks
[2020-04-24 10:23:54,461] multiqc                                            [DEBUG  ]  No samples found: bbmap
[2020-04-24 10:23:54,466] multiqc                                            [DEBUG  ]  No samples found: bismark
[2020-04-24 10:23:54,478] multiqc                                            [DEBUG  ]  No samples found: biscuit
[2020-04-24 10:23:54,483] multiqc                                            [DEBUG  ]  No samples found: hicexplorer
[2020-04-24 10:23:54,489] multiqc                                            [DEBUG  ]  No samples found: hicup
[2020-04-24 10:23:54,494] multiqc                                            [DEBUG  ]  No samples found: hicpro
[2020-04-24 10:23:54,498] multiqc                                            [DEBUG  ]  No samples found: salmon
[2020-04-24 10:23:54,505] multiqc                                            [DEBUG  ]  No samples found: kallisto
[2020-04-24 10:23:54,516] multiqc                                            [DEBUG  ]  No samples found: slamdunk
[2020-04-24 10:23:54,521] multiqc                                            [DEBUG  ]  No samples found: star
[2020-04-24 10:23:54,525] multiqc                                            [DEBUG  ]  No samples found: hisat2
[2020-04-24 10:23:54,531] multiqc                                            [DEBUG  ]  No samples found: tophat
[2020-04-24 10:23:54,535] multiqc                                            [DEBUG  ]  No samples found: bowtie2
[2020-04-24 10:23:54,540] multiqc                                            [DEBUG  ]  No samples found: bowtie1
[2020-04-24 10:23:54,544] multiqc                                            [DEBUG  ]  No samples found: kat
[2020-04-24 10:23:54,549] multiqc                                            [DEBUG  ]  No samples found: leehom
[2020-04-24 10:23:54,555] multiqc                                            [DEBUG  ]  No samples found: adapterRemoval
[2020-04-24 10:23:54,561] multiqc                                            [DEBUG  ]  No samples found: clipandmerge
[2020-04-24 10:23:54,566] multiqc                                            [DEBUG  ]  No samples found: cutadapt
[2020-04-24 10:23:54,573] multiqc                                            [DEBUG  ]  No samples found: flexbar
[2020-04-24 10:23:54,579] multiqc                                            [DEBUG  ]  No samples found: trimmomatic
[2020-04-24 10:23:54,586] multiqc                                            [DEBUG  ]  No samples found: skewer
[2020-04-24 10:23:54,590] multiqc                                            [DEBUG  ]  No samples found: sortmerna
[2020-04-24 10:23:54,596] multiqc                                            [DEBUG  ]  No samples found: biobloomtools
[2020-04-24 10:23:54,602] multiqc                                            [DEBUG  ]  No samples found: fastq_screen
[2020-04-24 10:23:54,608] multiqc                                            [DEBUG  ]  No samples found: afterqc
[2020-04-24 10:23:54,613] multiqc                                            [DEBUG  ]  No samples found: fastp
[2020-04-24 10:23:55,698] multiqc.modules.fastqc.fastqc                      [INFO   ]  Found 47 reports
[2020-04-24 10:23:56,125] multiqc                                            [DEBUG  ]  No samples found: minionqc
[2020-04-24 10:23:56,129] multiqc                                            [DEBUG  ]  No samples found: mosdepth
[2020-04-24 10:23:56,134] multiqc                                            [DEBUG  ]  No samples found: clusterflow
[2020-04-24 10:23:56,137] multiqc                                            [DEBUG  ]  No samples found: bcl2fastq
[2020-04-24 10:23:56,141] multiqc                                            [DEBUG  ]  No samples found: interop
[2020-04-24 10:23:56,145] multiqc                                            [DEBUG  ]  No samples found: flash
[2020-04-24 10:23:56,149] multiqc                                            [DEBUG  ]  No samples found: seqyclean
[2020-04-24 10:23:56,216] multiqc                                            [INFO   ]  Compressing plot data
[2020-04-24 10:23:56,930] multiqc                                            [INFO   ]  Report      : multiqc_report.html
[2020-04-24 10:23:56,930] multiqc                                            [INFO   ]  Data        : multiqc_data
[2020-04-24 10:23:56,931] multiqc                                            [DEBUG  ]  Moving data file from '/var/folders/1y/kj04j1r14wl12yhwwhpfjwl80000gn/T/tmpbbl4jn32/multiqc_data/multiqc_fastqc.txt' to '/Users/mikeconnelly/computing/projects/EAPSI_Symbiodinaceae/outputs/Pdam_unmapped_fastqcs/multiqc_data'
[2020-04-24 10:23:56,931] multiqc                                            [DEBUG  ]  Moving data file from '/var/folders/1y/kj04j1r14wl12yhwwhpfjwl80000gn/T/tmpbbl4jn32/multiqc_data/multiqc_qualimap_bamqc_genome_results.txt' to '/Users/mikeconnelly/computing/projects/EAPSI_Symbiodinaceae/outputs/Pdam_unmapped_fastqcs/multiqc_data'
[2020-04-24 10:23:56,931] multiqc                                            [DEBUG  ]  Moving data file from '/var/folders/1y/kj04j1r14wl12yhwwhpfjwl80000gn/T/tmpbbl4jn32/multiqc_data/multiqc_general_stats.txt' to '/Users/mikeconnelly/computing/projects/EAPSI_Symbiodinaceae/outputs/Pdam_unmapped_fastqcs/multiqc_data'
[2020-04-24 10:23:56,931] multiqc                                            [DEBUG  ]  Moving data file from '/var/folders/1y/kj04j1r14wl12yhwwhpfjwl80000gn/T/tmpbbl4jn32/multiqc_data/multiqc_sources.txt' to '/Users/mikeconnelly/computing/projects/EAPSI_Symbiodinaceae/outputs/Pdam_unmapped_fastqcs/multiqc_data'
[2020-04-24 10:23:56,931] multiqc                                            [DEBUG  ]  Moving data file from '/var/folders/1y/kj04j1r14wl12yhwwhpfjwl80000gn/T/tmpbbl4jn32/multiqc_data/multiqc_data.json' to '/Users/mikeconnelly/computing/projects/EAPSI_Symbiodinaceae/outputs/Pdam_unmapped_fastqcs/multiqc_data'
[2020-04-24 10:23:57,091] multiqc                                            [INFO   ]  MultiQC complete
