cp: cannot stat `/nethome/cem204/sequences/genomes/coral/pocillopora': No such file or directory
cp: cannot stat `/nethome/cem204/sequences/genomes/symbiodinium': No such file or directory
cp: cannot stat `/nethome/cem204/programs/Trimmomatic-0.36': No such file or directory
cp: cannot stat `/nethome/cem204/programs/FastQC': No such file or directory
cp: cannot stat `/nethome/cem204/programs/STAR-2.5.3a': No such file or directory
cp: cannot stat `/nethome/cem204/programs/subread-1.6.0-Linux-x86_64': No such file or directory
chmod: cannot access `/scratch/projects/transcriptomics/ellie/output/programs/FastQC/fastqc': No such file or directory
mkdir: cannot create directory `/scratch/projects/transcriptomics/ellie/EAPSI_Pocillopora_AxH/data': File exists
mkdir: cannot create directory `/scratch/projects/transcriptomics/ellie/EAPSI_Pocillopora_AxH/data/zippedreads': File exists
mkdir: cannot create directory `/scratch/projects/transcriptomics/ellie/EAPSI_Pocillopora_AxH/bash': File exists
mkdir: cannot create directory `/scratch/projects/transcriptomics/ellie/EAPSI_Pocillopora_AxH/bash/jobs': File exists
mkdir: cannot create directory `/scratch/projects/transcriptomics/ellie/EAPSI_Pocillopora_AxH/R': File exists
mkdir: cannot create directory `/scratch/projects/transcriptomics/ellie/EAPSI_Pocillopora_AxH/Rmd': File exists
mkdir: cannot create directory `/scratch/projects/transcriptomics/ellie/EAPSI_Pocillopora_AxH/outputs': File exists
mkdir: cannot create directory `/scratch/projects/transcriptomics/ellie/EAPSI_Pocillopora_AxH/outputs/logfiles': File exists
mkdir: cannot create directory `/scratch/projects/transcriptomics/ellie/EAPSI_Pocillopora_AxH/outputs/errorfiles': File exists
mkdir: cannot create directory `/scratch/projects/transcriptomics/ellie/EAPSI_Pocillopora_AxH/outputs/fastqcs': File exists
mkdir: cannot create directory `/scratch/projects/transcriptomics/ellie/EAPSI_Pocillopora_AxH/outputs/trimqcs': File exists
mkdir: cannot create directory `/scratch/projects/transcriptomics/ellie/EAPSI_Pocillopora_AxH/outputs/trimmomaticreads': File exists
mkdir: cannot create directory `/scratch/projects/transcriptomics/ellie/EAPSI_Pocillopora_AxH/outputs/STARalign_Pdam': File exists
mkdir: cannot create directory `/scratch/projects/transcriptomics/ellie/EAPSI_Pocillopora_AxH/outputs/phylotrans_Pdam': File exists
mkdir: cannot create directory `/scratch/projects/transcriptomics/ellie/EAPSI_Pocillopora_AxH/outputs/STARcounts_Pdam': File exists
mkdir: cannot create directory `/scratch/projects/transcriptomics/ellie/EAPSI_Pocillopora_AxH/outputs/DESeq-results': File exists
mkdir: cannot create directory `/scratch/projects/transcriptomics/ellie/EAPSI_Pocillopora_AxH/outputs/DESeq-results/figures': File exists
mkdir: cannot create directory `/scratch/projects/transcriptomics/ellie/EAPSI_Pocillopora_AxH/outputs/DESeq-results/lists': File exists
mkdir: cannot create directory `/scratch/projects/transcriptomics/ellie/EAPSI_Pocillopora_AxH/outputs/DESeq-results/REVIGO': File exists
mkdir: cannot create directory `/scratch/projects/transcriptomics/ellie/EAPSI_Pocillopora_AxH/outputs/DESeq-results/tables': File exists
mkdir: cannot create directory `/scratch/projects/transcriptomics/ellie/EAPSI_Pocillopora_AxH/outputs/DESeq-results/topGO': File exists
mkdir: cannot create directory `/scratch/projects/transcriptomics/ellie/EAPSI_Pocillopora_AxH/outputs/phyloseq-results': File exists
mkdir: cannot create directory `/scratch/projects/transcriptomics/ellie/EAPSI_Pocillopora_AxH/outputs/phyloseq-results/figures': File exists
cp: cannot stat `/nethome/cem204/sequences/EAPSI/zippedreads/Wt1-1a.txt.gz': No such file or directory
cp: cannot stat `/nethome/cem204/sequences/EAPSI/zippedreads/Wt1-1b.txt.gz': No such file or directory
cp: cannot stat `/nethome/cem204/sequences/EAPSI/zippedreads/Wt1-1c.txt.gz': No such file or directory
cp: cannot stat `/nethome/cem204/sequences/EAPSI/zippedreads/Wt1-4a.txt.gz': No such file or directory
cp: cannot stat `/nethome/cem204/sequences/EAPSI/zippedreads/Wt1-4b.txt.gz': No such file or directory
cp: cannot stat `/nethome/cem204/sequences/EAPSI/zippedreads/Wt1-4c.txt.gz': No such file or directory
cp: cannot stat `/nethome/cem204/sequences/EAPSI/zippedreads/Wt1-5a.txt.gz': No such file or directory
cp: cannot stat `/nethome/cem204/sequences/EAPSI/zippedreads/Wt1-5b.txt.gz': No such file or directory
cp: cannot stat `/nethome/cem204/sequences/EAPSI/zippedreads/Wt1-5c.txt.gz': No such file or directory
cp: cannot stat `/nethome/cem204/sequences/EAPSI/zippedreads/Wt1-6a.txt.gz': No such file or directory
cp: cannot stat `/nethome/cem204/sequences/EAPSI/zippedreads/Wt1-6b.txt.gz': No such file or directory
cp: cannot stat `/nethome/cem204/sequences/EAPSI/zippedreads/Wt1-6c.txt.gz': No such file or directory
cp: cannot stat `/nethome/cem204/sequences/EAPSI/zippedreads/Wt2-1a.txt.gz': No such file or directory
cp: cannot stat `/nethome/cem204/sequences/EAPSI/zippedreads/Wt2-1b.txt.gz': No such file or directory
cp: cannot stat `/nethome/cem204/sequences/EAPSI/zippedreads/Wt2-1c.txt.gz': No such file or directory
cp: cannot stat `/nethome/cem204/sequences/EAPSI/zippedreads/Wt2-4a.txt.gz': No such file or directory
cp: cannot stat `/nethome/cem204/sequences/EAPSI/zippedreads/Wt2-4b.txt.gz': No such file or directory
cp: cannot stat `/nethome/cem204/sequences/EAPSI/zippedreads/Wt2-4c.txt.gz': No such file or directory
cp: cannot stat `/nethome/cem204/sequences/EAPSI/zippedreads/Wt2-5a.txt.gz': No such file or directory
cp: cannot stat `/nethome/cem204/sequences/EAPSI/zippedreads/Wt2-5b.txt.gz': No such file or directory
cp: cannot stat `/nethome/cem204/sequences/EAPSI/zippedreads/Wt2-5c.txt.gz': No such file or directory
cp: cannot stat `/nethome/cem204/sequences/EAPSI/zippedreads/Wt2-6a.txt.gz': No such file or directory
cp: cannot stat `/nethome/cem204/sequences/EAPSI/zippedreads/Wt2-6b.txt.gz': No such file or directory
cp: cannot stat `/nethome/cem204/sequences/EAPSI/zippedreads/Wt2-6c.txt.gz': No such file or directory
cp: cannot stat `/nethome/cem204/sequences/EAPSI/zippedreads/Hw1-1a.txt.gz': No such file or directory
cp: cannot stat `/nethome/cem204/sequences/EAPSI/zippedreads/Hw1-1b.txt.gz': No such file or directory
cp: cannot stat `/nethome/cem204/sequences/EAPSI/zippedreads/Hw1-1c.txt.gz': No such file or directory
cp: cannot stat `/nethome/cem204/sequences/EAPSI/zippedreads/Hw1-4a.txt.gz': No such file or directory
cp: cannot stat `/nethome/cem204/sequences/EAPSI/zippedreads/Hw1-4b.txt.gz': No such file or directory
cp: cannot stat `/nethome/cem204/sequences/EAPSI/zippedreads/Hw1-4c.txt.gz': No such file or directory
cp: cannot stat `/nethome/cem204/sequences/EAPSI/zippedreads/Hw1-5a.txt.gz': No such file or directory
cp: cannot stat `/nethome/cem204/sequences/EAPSI/zippedreads/Hw1-5b.txt.gz': No such file or directory
cp: cannot stat `/nethome/cem204/sequences/EAPSI/zippedreads/Hw1-5c.txt.gz': No such file or directory
cp: cannot stat `/nethome/cem204/sequences/EAPSI/zippedreads/Hw1-6a.txt.gz': No such file or directory
cp: cannot stat `/nethome/cem204/sequences/EAPSI/zippedreads/Hw1-6b.txt.gz': No such file or directory
cp: cannot stat `/nethome/cem204/sequences/EAPSI/zippedreads/Hw1-6c.txt.gz': No such file or directory
cp: cannot stat `/nethome/cem204/sequences/EAPSI/zippedreads/Hw2-1a.txt.gz': No such file or directory
cp: cannot stat `/nethome/cem204/sequences/EAPSI/zippedreads/Hw2-1b.txt.gz': No such file or directory
cp: cannot stat `/nethome/cem204/sequences/EAPSI/zippedreads/Hw2-1c.txt.gz': No such file or directory
cp: cannot stat `/nethome/cem204/sequences/EAPSI/zippedreads/Hw2-4a.txt.gz': No such file or directory
cp: cannot stat `/nethome/cem204/sequences/EAPSI/zippedreads/Hw2-4b.txt.gz': No such file or directory
cp: cannot stat `/nethome/cem204/sequences/EAPSI/zippedreads/Hw2-4c.txt.gz': No such file or directory
cp: cannot stat `/nethome/cem204/sequences/EAPSI/zippedreads/Hw2-5a.txt.gz': No such file or directory
cp: cannot stat `/nethome/cem204/sequences/EAPSI/zippedreads/Hw2-5b.txt.gz': No such file or directory
cp: cannot stat `/nethome/cem204/sequences/EAPSI/zippedreads/Hw2-5c.txt.gz': No such file or directory
cp: cannot stat `/nethome/cem204/sequences/EAPSI/zippedreads/Hw2-6b.txt.gz': No such file or directory
cp: cannot stat `/nethome/cem204/sequences/EAPSI/zippedreads/Hw2-6c.txt.gz': No such file or directory
Job is submitted to <transcriptomics> project.
Job is submitted to <transcriptomics> project.
