Sender: LSF System <lsfadmin@n314>
Subject: Job 23263690: <STARwrap_symC1> in cluster <mk2> Done

Job <STARwrap_symC1> was submitted from host <login4> by user <cem204> in cluster <mk2>.
Job was executed on host(s) <8*n314>, in queue <general>, as user <cem204> in cluster <mk2>.
</nethome/cem204> was used as the home directory.
</scratch/projects/transcriptomics/ellie/EAPSI_Symbiodinaceae/ellie-specific> was used as the working directory.
Started at Fri Feb 14 13:39:43 2020
Results reported on Fri Feb 14 13:39:44 2020

Your job looked like:

------------------------------------------------------------
# LSBATCH: User input
#!/bin/bash
#BSUB -J STARwrap_symC1
#BSUB -q general
#BSUB -P transcriptomics
#BSUB -o STARwrap_symC1%J.out
#BSUB -e STARwrap_symC1%J.err
#BSUB -n 8
#BSUB -u cem204@miami.edu

#specify variable containing sequence file prefixes and directory paths
dcs="/scratch/projects/transcriptomics/ellie/output"
coldir="/scratch/projects/transcriptomics/demi/sequences/EAPSI/"
exp="heat"
EAPSIsamples="Wt1-4a Wt1-4b Wt1-4c Wt1-6a Wt1-6b Wt1-6c Wt2-4a Wt2-4b Wt2-4c Wt2-6a Wt2-6b Wt2-6c Hw1-4a Hw1-4b Hw1-4c Hw1-6a Hw1-6b Hw1-6c Hw2-4a Hw2-4b Hw2-4c Hw2-6b Hw2-6c"

#lets me know which files are being processed
echo "These are the reads to be aligned to the Cladocopium goreaui reference genome: $EAPSIsamples"

#loop to automate generation of scripts to direct sequence file trimming
for EAPSIsample in $EAPSIsamples
do \
echo "Aligning ${EAPSIsample}"

#   input BSUB commands
echo '#!/bin/bash' > "${coldir}"/"${exp}"/scripts/"${EAPSIsample}"_staralign_symC1.job
echo '#BSUB -q general' >> "${coldir}"/"${exp}"/scripts/"${EAPSIsample}"_staralign_symC1.job
echo '#BSUB -J '"${EAPSIsample}"_staralign_symC1'' >> "${coldir}"/"${exp}"/scripts/"${EAPSIsample}"_staralign_symC1.job
echo '#BSUB -o '"${coldir}"/"${exp}"/logfiles/"$EAPSIsample"staralign_SymC1%J.out'' >> "${coldir}"/"${exp}"/scripts/"${EAPSIsample}"_staralign_symC1.job
echo '#BSUB -e '"${coldir}"/"${exp}"/errorfiles/"$EAPSIsample"staralign_SymC1%J.err'' >> "${coldir}"/"${exp}"/scripts/"${EAPSIsample}"_staralign_symC1.job
echo '#BSUB -n 8' >> "${coldir}"/"${exp}"/scripts/"${EAPSIsample}"_staralign_symC1.job
echo '#BSUB -W 4:00' >> "${coldir}"/"${exp}"/scripts/"${EAPSIsample}"_staralign_symC1.job

#   input command to run STAR aligner
echo ${dcs}/programs/STAR-2.5.3a/bin/Linux_x86_64/STAR \
--runMode alignReads \
--quantMode TranscriptomeSAM \
--runThreadN 16 \
--readFilesIn ${coldir}/${exp}/STARalign_Pdam/${EAPSIsample}_Pdam-Unmapped.out.mate1 \
--genomeDir ${dcs}/sequences/genomes/symbiodinium/STARindex \
--sjdbGTFfeatureExon exon \
--sjdbGTFtagExonParentTranscript Parent \
--sjdbGTFfile  ${dcs}/sequences/genomes/symbiodinium/symC1_genome.gff \
--outStd Log BAM_Unsorted BAM_Quant \
--outSAMtype BAM Unsorted \
--outReadsUnmapped Fastx \
--outFileNamePrefix ${coldir}/${exp}/STARalign_SymC1/${EAPSIsample}_SymC1 >> "${coldir}"/"${exp}"/scripts/"${EAPSIsample}"_staralign_symC1.job

#lets me know file is done
echo 'echo' "STAR alignment of $EAPSIsample complete" >> "${coldir}"/"${exp}"/scripts/"${EAPSIsample}"_staralign_symC1.job
echo "STAR alignment script of $EAPSIsample submitted"

(... more ...)
------------------------------------------------------------

Successfully completed.

Resource usage summary:

    CPU time :                                   0.50 sec.
    Max Memory :                                 2 MB
    Average Memory :                             2.00 MB
    Total Requested Memory :                     12000.00 MB
    Delta Memory :                               11998.00 MB
    Max Swap :                                   235 MB
    Max Processes :                              3
    Max Threads :                                4

The output (if any) follows:

These are the reads to be aligned to the Cladocopium goreaui reference genome: Wt1-4a Wt1-4b Wt1-4c Wt1-6a Wt1-6b Wt1-6c Wt2-4a Wt2-4b Wt2-4c Wt2-6a Wt2-6b Wt2-6c Hw1-4a Hw1-4b Hw1-4c Hw1-6a Hw1-6b Hw1-6c Hw2-4a Hw2-4b Hw2-4c Hw2-6b Hw2-6c
Aligning Wt1-4a
STAR alignment script of Wt1-4a submitted
Job <23263691> is submitted to queue <general>.
Aligning Wt1-4b
STAR alignment script of Wt1-4b submitted
Job <23263692> is submitted to queue <general>.
Aligning Wt1-4c
STAR alignment script of Wt1-4c submitted
Job <23263693> is submitted to queue <general>.
Aligning Wt1-6a
STAR alignment script of Wt1-6a submitted
Job <23263694> is submitted to queue <general>.
Aligning Wt1-6b
STAR alignment script of Wt1-6b submitted
Job <23263695> is submitted to queue <general>.
Aligning Wt1-6c
STAR alignment script of Wt1-6c submitted
Job <23263696> is submitted to queue <general>.
Aligning Wt2-4a
STAR alignment script of Wt2-4a submitted
Job <23263697> is submitted to queue <general>.
Aligning Wt2-4b
STAR alignment script of Wt2-4b submitted
Job <23263698> is submitted to queue <general>.
Aligning Wt2-4c
STAR alignment script of Wt2-4c submitted
Job <23263699> is submitted to queue <general>.
Aligning Wt2-6a
STAR alignment script of Wt2-6a submitted
Job <23263700> is submitted to queue <general>.
Aligning Wt2-6b
STAR alignment script of Wt2-6b submitted
Job <23263701> is submitted to queue <general>.
Aligning Wt2-6c
STAR alignment script of Wt2-6c submitted
Job <23263702> is submitted to queue <general>.
Aligning Hw1-4a
STAR alignment script of Hw1-4a submitted
Job <23263703> is submitted to queue <general>.
Aligning Hw1-4b
STAR alignment script of Hw1-4b submitted
Job <23263704> is submitted to queue <general>.
Aligning Hw1-4c
STAR alignment script of Hw1-4c submitted
Job <23263705> is submitted to queue <general>.
Aligning Hw1-6a
STAR alignment script of Hw1-6a submitted
Job <23263706> is submitted to queue <general>.
Aligning Hw1-6b
STAR alignment script of Hw1-6b submitted
Job <23263707> is submitted to queue <general>.
Aligning Hw1-6c
STAR alignment script of Hw1-6c submitted
Job <23263708> is submitted to queue <general>.
Aligning Hw2-4a
STAR alignment script of Hw2-4a submitted
Job <23263709> is submitted to queue <general>.
Aligning Hw2-4b
STAR alignment script of Hw2-4b submitted
Job <23263710> is submitted to queue <general>.
Aligning Hw2-4c
STAR alignment script of Hw2-4c submitted
Job <23263711> is submitted to queue <general>.
Aligning Hw2-6b
STAR alignment script of Hw2-6b submitted
Job <23263712> is submitted to queue <general>.
Aligning Hw2-6c
STAR alignment script of Hw2-6c submitted
Job <23263713> is submitted to queue <general>.


PS:

Read file <STARwrap_symC123263690.err> for stderr output of this job.

