These are the samples to be processed:
Wt1-1a Wt1-1b Wt1-1c Wt1-4a Wt1-4b Wt1-4c Wt1-5a Wt1-5b Wt1-5c Wt1-6a Wt1-6b Wt1-6c Wt2-1a Wt2-1b Wt2-1c Wt2-4a Wt2-4b Wt2-4c Wt2-5a Wt2-5b Wt2-5c Wt2-6a Wt2-6b Wt2-6c Hw1-1a Hw1-1b Hw1-1c Hw1-4a Hw1-4b Hw1-4c Hw1-5a Hw1-5b Hw1-5c Hw1-6a Hw1-6b Hw1-6c Hw2-1a Hw2-1b Hw2-1c Hw2-4a Hw2-4b Hw2-4c Hw2-5a Hw2-5b Hw2-5c Hw2-6b Hw2-6c
Wt1-1a
Job <23237503> is submitted to queue <general>.
Wt1-1b
Job <23237504> is submitted to queue <general>.
Wt1-1c
Job <23237505> is submitted to queue <general>.
Wt1-4a
Job <23237506> is submitted to queue <general>.
Wt1-4b
Job <23237507> is submitted to queue <general>.
Wt1-4c
Job <23237508> is submitted to queue <general>.
Wt1-5a
Job <23237509> is submitted to queue <general>.
Wt1-5b
Job <23237510> is submitted to queue <general>.
Wt1-5c
Job <23237511> is submitted to queue <general>.
Wt1-6a
Job <23237512> is submitted to queue <general>.
Wt1-6b
Job <23237513> is submitted to queue <general>.
Wt1-6c
Job <23237514> is submitted to queue <general>.
Wt2-1a
Job <23237515> is submitted to queue <general>.
Wt2-1b
Job <23237516> is submitted to queue <general>.
Wt2-1c
Job <23237517> is submitted to queue <general>.
Wt2-4a
Job <23237518> is submitted to queue <general>.
Wt2-4b
Job <23237519> is submitted to queue <general>.
Wt2-4c
Job <23237520> is submitted to queue <general>.
Wt2-5a
Job <23237521> is submitted to queue <general>.
Wt2-5b
Job <23237522> is submitted to queue <general>.
Wt2-5c
Job <23237523> is submitted to queue <general>.
Wt2-6a
Job <23237524> is submitted to queue <general>.
Wt2-6b
Job <23237525> is submitted to queue <general>.
Wt2-6c
Job <23237526> is submitted to queue <general>.
Hw1-1a
Job <23237527> is submitted to queue <general>.
Hw1-1b
Job <23237528> is submitted to queue <general>.
Hw1-1c
Job <23237529> is submitted to queue <general>.
Hw1-4a
Job <23237530> is submitted to queue <general>.
Hw1-4b
Job <23237531> is submitted to queue <general>.
Hw1-4c
Job <23237532> is submitted to queue <general>.
Hw1-5a
Job <23237533> is submitted to queue <general>.
Hw1-5b
Job <23237534> is submitted to queue <general>.
Hw1-5c
Job <23237535> is submitted to queue <general>.
Hw1-6a
Job <23237536> is submitted to queue <general>.
Hw1-6b
Job <23237537> is submitted to queue <general>.
Hw1-6c
Job <23237538> is submitted to queue <general>.
Hw2-1a
Job <23237539> is submitted to queue <general>.
Hw2-1b
Job <23237540> is submitted to queue <general>.
Hw2-1c
Job <23237541> is submitted to queue <general>.
Hw2-4a
Job <23237542> is submitted to queue <general>.
Hw2-4b
Job <23237543> is submitted to queue <general>.
Hw2-4c
Job <23237544> is submitted to queue <general>.
Hw2-5a
Job <23237545> is submitted to queue <general>.
Hw2-5b
Job <23237546> is submitted to queue <general>.
Hw2-5c
Job <23237547> is submitted to queue <general>.
Hw2-6b
Job <23237548> is submitted to queue <general>.
Hw2-6c
Job <23237549> is submitted to queue <general>.
