These are the samples to be processed:
Wt1-1a Wt1-1b Wt1-1c Wt1-4a Wt1-4b Wt1-4c Wt1-5a Wt1-5b Wt1-5c Wt1-6a Wt1-6b Wt1-6c Wt2-1a Wt2-1b Wt2-1c Wt2-4a Wt2-4b Wt2-4c Wt2-5a Wt2-5b Wt2-5c Wt2-6a Wt2-6b Wt2-6c Hw1-1a Hw1-1b Hw1-1c Hw1-4a Hw1-4b Hw1-4c Hw1-5a Hw1-5b Hw1-5c Hw1-6a Hw1-6b Hw1-6c Hw2-1a Hw2-1b Hw2-1c Hw2-4a Hw2-4b Hw2-4c Hw2-5a Hw2-5b Hw2-5c Hw2-6b Hw2-6c
Wt1-1a
Job <23246481> is submitted to queue <general>.
Wt1-1b
Job <23246482> is submitted to queue <general>.
Wt1-1c
Job <23246483> is submitted to queue <general>.
Wt1-4a
Job <23246484> is submitted to queue <general>.
Wt1-4b
Job <23246485> is submitted to queue <general>.
Wt1-4c
Job <23246486> is submitted to queue <general>.
Wt1-5a
Job <23246487> is submitted to queue <general>.
Wt1-5b
Job <23246488> is submitted to queue <general>.
Wt1-5c
Job <23246489> is submitted to queue <general>.
Wt1-6a
Job <23246490> is submitted to queue <general>.
Wt1-6b
Job <23246491> is submitted to queue <general>.
Wt1-6c
Job <23246492> is submitted to queue <general>.
Wt2-1a
Job <23246493> is submitted to queue <general>.
Wt2-1b
Job <23246494> is submitted to queue <general>.
Wt2-1c
Job <23246495> is submitted to queue <general>.
Wt2-4a
Job <23246496> is submitted to queue <general>.
Wt2-4b
Job <23246497> is submitted to queue <general>.
Wt2-4c
Job <23246498> is submitted to queue <general>.
Wt2-5a
Job <23246499> is submitted to queue <general>.
Wt2-5b
Job <23246500> is submitted to queue <general>.
Wt2-5c
Job <23246501> is submitted to queue <general>.
Wt2-6a
Job <23246502> is submitted to queue <general>.
Wt2-6b
Job <23246503> is submitted to queue <general>.
Wt2-6c
Job <23246504> is submitted to queue <general>.
Hw1-1a
Job <23246505> is submitted to queue <general>.
Hw1-1b
Job <23246506> is submitted to queue <general>.
Hw1-1c
Job <23246507> is submitted to queue <general>.
Hw1-4a
Job <23246508> is submitted to queue <general>.
Hw1-4b
Job <23246509> is submitted to queue <general>.
Hw1-4c
Job <23246510> is submitted to queue <general>.
Hw1-5a
Job <23246511> is submitted to queue <general>.
Hw1-5b
Job <23246512> is submitted to queue <general>.
Hw1-5c
Job <23246513> is submitted to queue <general>.
Hw1-6a
Job <23246514> is submitted to queue <general>.
Hw1-6b
Job <23246515> is submitted to queue <general>.
Hw1-6c
Job <23246516> is submitted to queue <general>.
Hw2-1a
Job <23246517> is submitted to queue <general>.
Hw2-1b
Job <23246518> is submitted to queue <general>.
Hw2-1c
Job <23246519> is submitted to queue <general>.
Hw2-4a
Job <23246520> is submitted to queue <general>.
Hw2-4b
Job <23246521> is submitted to queue <general>.
Hw2-4c
Job <23246522> is submitted to queue <general>.
Hw2-5a
Job <23246523> is submitted to queue <general>.
Hw2-5b
Job <23246524> is submitted to queue <general>.
Hw2-5c
Job <23246525> is submitted to queue <general>.
Hw2-6b
Job <23246526> is submitted to queue <general>.
Hw2-6c
Job <23246527> is submitted to queue <general>.
