Sender: LSF System <lsfadmin@n170>
Subject: Job 23520234: <Hw1-1c_staralign_symC1> in cluster <mk2> Done

Job <Hw1-1c_staralign_symC1> was submitted from host <n320> by user <m.connelly> in cluster <mk2>.
Job was executed on host(s) <8*n170>, in queue <general>, as user <m.connelly> in cluster <mk2>.
</nethome/m.connelly> was used as the home directory.
</scratch/projects/transcriptomics/mikeconnelly/projects/EAPSI_Symbiodinaceae/jobreports> was used as the working directory.
Started at Thu Apr 23 08:38:37 2020
Results reported on Thu Apr 23 08:40:55 2020

Your job looked like:

------------------------------------------------------------
# LSBATCH: User input
#!/bin/bash
#BSUB -q general
#BSUB -J Hw1-1c_staralign_symC1
#BSUB -o /scratch/projects/transcriptomics/mikeconnelly/projects/EAPSI_Symbiodinaceae/logfiles/Hw1-1c_staralign_symC1%J.out
#BSUB -e /scratch/projects/transcriptomics/mikeconnelly/projects/EAPSI_Symbiodinaceae/errorfiles/Hw1-1c_staralign_symC1%J.err
#BSUB -n 8
#BSUB -W 4:00
/scratch/projects/transcriptomics/mikeconnelly/programs/STAR-2.5.3a/bin/Linux_x86_64/STAR --runMode alignReads --quantMode TranscriptomeSAM --runThreadN 16 --readFilesIn /scratch/projects/transcriptomics/mikeconnelly/projects/EAPSI_Symbiodinaceae/outputs/STARalign_Pdam/Hw1-1c_PdamUnmapped.out.mate1 --genomeDir /scratch/projects/transcriptomics/mikeconnelly/sequences/genomes/symbiodinium/STARindex --sjdbGTFfeatureExon exon --sjdbGTFtagExonParentTranscript Parent --sjdbGTFfile /scratch/projects/transcriptomics/mikeconnelly/sequences/genomes/symbiodinium/symC1_genome.gff --outStd Log BAM_Unsorted BAM_Quant --outSAMtype BAM Unsorted --outReadsUnmapped Fastx --outFileNamePrefix /scratch/projects/transcriptomics/mikeconnelly/projects/EAPSI_Symbiodinaceae/outputs/STARalign_SymC1/Hw1-1c_SymC1
echo STAR alignment of Hw1-1c complete

------------------------------------------------------------

Successfully completed.

Resource usage summary:

    CPU time :                                   442.15 sec.
    Max Memory :                                 22395 MB
    Average Memory :                             15716.22 MB
    Total Requested Memory :                     12000.00 MB
    Delta Memory :                               -10395.00 MB
    Max Swap :                                   26002 MB
    Max Processes :                              4
    Max Threads :                                21

The output (if any) follows:

Apr 23 08:38:39 ..... started STAR run
Apr 23 08:38:39 ..... loading genome
Apr 23 08:39:29 ..... processing annotations GTF
Apr 23 08:39:37 ..... inserting junctions into the genome indices
Apr 23 08:40:05 ..... started mapping
Apr 23 08:40:55 ..... finished successfully
STAR alignment of Hw1-1c complete


PS:

Read file </scratch/projects/transcriptomics/mikeconnelly/projects/EAPSI_Symbiodinaceae/errorfiles/Hw1-1c_staralign_symC123520234.err> for stderr output of this job.

