Sender: LSF System <lsfadmin@n299>
Subject: Job 23520241: <Hw1-6a_staralign_symC1> in cluster <mk2> Done

Job <Hw1-6a_staralign_symC1> was submitted from host <n320> by user <m.connelly> in cluster <mk2>.
Job was executed on host(s) <8*n299>, in queue <general>, as user <m.connelly> in cluster <mk2>.
</nethome/m.connelly> was used as the home directory.
</scratch/projects/transcriptomics/mikeconnelly/projects/EAPSI_Symbiodinaceae/jobreports> was used as the working directory.
Started at Thu Apr 23 08:39:18 2020
Results reported on Thu Apr 23 08:40:53 2020

Your job looked like:

------------------------------------------------------------
# LSBATCH: User input
#!/bin/bash
#BSUB -q general
#BSUB -J Hw1-6a_staralign_symC1
#BSUB -o /scratch/projects/transcriptomics/mikeconnelly/projects/EAPSI_Symbiodinaceae/logfiles/Hw1-6a_staralign_symC1%J.out
#BSUB -e /scratch/projects/transcriptomics/mikeconnelly/projects/EAPSI_Symbiodinaceae/errorfiles/Hw1-6a_staralign_symC1%J.err
#BSUB -n 8
#BSUB -W 4:00
/scratch/projects/transcriptomics/mikeconnelly/programs/STAR-2.5.3a/bin/Linux_x86_64/STAR --runMode alignReads --quantMode TranscriptomeSAM --runThreadN 16 --readFilesIn /scratch/projects/transcriptomics/mikeconnelly/projects/EAPSI_Symbiodinaceae/outputs/STARalign_Pdam/Hw1-6a_PdamUnmapped.out.mate1 --genomeDir /scratch/projects/transcriptomics/mikeconnelly/sequences/genomes/symbiodinium/STARindex --sjdbGTFfeatureExon exon --sjdbGTFtagExonParentTranscript Parent --sjdbGTFfile /scratch/projects/transcriptomics/mikeconnelly/sequences/genomes/symbiodinium/symC1_genome.gff --outStd Log BAM_Unsorted BAM_Quant --outSAMtype BAM Unsorted --outReadsUnmapped Fastx --outFileNamePrefix /scratch/projects/transcriptomics/mikeconnelly/projects/EAPSI_Symbiodinaceae/outputs/STARalign_SymC1/Hw1-6a_SymC1
echo STAR alignment of Hw1-6a complete

------------------------------------------------------------

Successfully completed.

Resource usage summary:

    CPU time :                                   588.39 sec.
    Max Memory :                                 22416 MB
    Average Memory :                             14795.33 MB
    Total Requested Memory :                     12000.00 MB
    Delta Memory :                               -10416.00 MB
    Max Swap :                                   26001 MB
    Max Processes :                              4
    Max Threads :                                35

The output (if any) follows:

Apr 23 08:39:18 ..... started STAR run
Apr 23 08:39:18 ..... loading genome
Apr 23 08:39:28 ..... processing annotations GTF
Apr 23 08:39:34 ..... inserting junctions into the genome indices
Apr 23 08:40:00 ..... started mapping
Apr 23 08:40:53 ..... finished successfully
STAR alignment of Hw1-6a complete


PS:

Read file </scratch/projects/transcriptomics/mikeconnelly/projects/EAPSI_Symbiodinaceae/errorfiles/Hw1-6a_staralign_symC123520241.err> for stderr output of this job.

