Sender: LSF System <lsfadmin@n255>
Subject: Job 23521375: <Hw2-1b_staralign_symC1> in cluster <mk2> Done

Job <Hw2-1b_staralign_symC1> was submitted from host <n251> by user <m.connelly> in cluster <mk2>.
Job was executed on host(s) <8*n255>, in queue <general>, as user <m.connelly> in cluster <mk2>.
</nethome/m.connelly> was used as the home directory.
</scratch/projects/transcriptomics/mikeconnelly/projects/EAPSI_Symbiodinaceae/jobreports> was used as the working directory.
Started at Thu Apr 23 09:35:57 2020
Results reported on Thu Apr 23 09:38:11 2020

Your job looked like:

------------------------------------------------------------
# LSBATCH: User input
#!/bin/bash
#BSUB -q general
#BSUB -J Hw2-1b_staralign_symC1
#BSUB -o /scratch/projects/transcriptomics/mikeconnelly/projects/EAPSI_Symbiodinaceae/logfiles/Hw2-1b_staralign_symC1%J.out
#BSUB -e /scratch/projects/transcriptomics/mikeconnelly/projects/EAPSI_Symbiodinaceae/errorfiles/Hw2-1b_staralign_symC1%J.err
#BSUB -n 8
#BSUB -W 4:00
/scratch/projects/transcriptomics/mikeconnelly/programs/STAR-2.5.3a/bin/Linux_x86_64/STAR --runMode alignReads --quantMode TranscriptomeSAM --runThreadN 16 --readFilesIn /scratch/projects/transcriptomics/mikeconnelly/projects/EAPSI_Symbiodinaceae/outputs/STARalign_Pdam/Hw2-1b_PdamUnmapped.out.mate1 --genomeDir /scratch/projects/transcriptomics/mikeconnelly/sequences/genomes/symbiodinium/STARindex --sjdbGTFfeatureExon exon --sjdbGTFtagExonParentTranscript Parent --sjdbGTFfile /scratch/projects/transcriptomics/mikeconnelly/sequences/genomes/symbiodinium/symC1_genome.gff --outStd Log BAM_Unsorted BAM_Quant --outSAMtype BAM Unsorted --outReadsUnmapped Fastx --outFileNamePrefix /scratch/projects/transcriptomics/mikeconnelly/projects/EAPSI_Symbiodinaceae/outputs/STARalign_SymC1/Hw2-1b_SymC1_3
echo STAR alignment of Hw2-1b complete

------------------------------------------------------------

Successfully completed.

Resource usage summary:

    CPU time :                                   328.35 sec.
    Max Memory :                                 22155 MB
    Average Memory :                             17074.67 MB
    Total Requested Memory :                     12000.00 MB
    Delta Memory :                               -10155.00 MB
    Max Swap :                                   25937 MB
    Max Processes :                              4
    Max Threads :                                32

The output (if any) follows:

Apr 23 09:35:57 ..... started STAR run
Apr 23 09:35:57 ..... loading genome
Apr 23 09:36:11 ..... processing annotations GTF
Apr 23 09:36:17 ..... inserting junctions into the genome indices
Apr 23 09:36:52 ..... started mapping
Apr 23 09:38:11 ..... finished successfully
STAR alignment of Hw2-1b complete


PS:

Read file </scratch/projects/transcriptomics/mikeconnelly/projects/EAPSI_Symbiodinaceae/errorfiles/Hw2-1b_staralign_symC123521375.err> for stderr output of this job.

