Sender: LSF System <lsfadmin@n318>
Subject: Job 23520905: <Wt1-4c_staralign_symC1> in cluster <mk2> Done

Job <Wt1-4c_staralign_symC1> was submitted from host <n178> by user <m.connelly> in cluster <mk2>.
Job was executed on host(s) <8*n318>, in queue <general>, as user <m.connelly> in cluster <mk2>.
</nethome/m.connelly> was used as the home directory.
</scratch/projects/transcriptomics/mikeconnelly/projects/EAPSI_Symbiodinaceae/jobreports> was used as the working directory.
Started at Thu Apr 23 09:13:01 2020
Results reported on Thu Apr 23 09:14:36 2020

Your job looked like:

------------------------------------------------------------
# LSBATCH: User input
#!/bin/bash
#BSUB -q general
#BSUB -J Wt1-4c_staralign_symC1
#BSUB -o /scratch/projects/transcriptomics/mikeconnelly/projects/EAPSI_Symbiodinaceae/logfiles/Wt1-4c_staralign_symC1%J.out
#BSUB -e /scratch/projects/transcriptomics/mikeconnelly/projects/EAPSI_Symbiodinaceae/errorfiles/Wt1-4c_staralign_symC1%J.err
#BSUB -n 8
#BSUB -W 4:00
/scratch/projects/transcriptomics/mikeconnelly/programs/STAR-2.5.3a/bin/Linux_x86_64/STAR --runMode alignReads --quantMode TranscriptomeSAM --runThreadN 16 --readFilesIn /scratch/projects/transcriptomics/mikeconnelly/projects/EAPSI_Symbiodinaceae/outputs/STARalign_Pdam/Wt1-4c_PdamUnmapped.out.mate1 --genomeDir /scratch/projects/transcriptomics/mikeconnelly/sequences/genomes/symbiodinium/STARindex --sjdbGTFfeatureExon exon --sjdbGTFtagExonParentTranscript Parent --sjdbGTFfile /scratch/projects/transcriptomics/mikeconnelly/sequences/genomes/symbiodinium/symC1_genome.gff --outStd Log BAM_Unsorted BAM_Quant --outSAMtype BAM Unsorted --outReadsUnmapped Fastx --outFileNamePrefix /scratch/projects/transcriptomics/mikeconnelly/projects/EAPSI_Symbiodinaceae/outputs/STARalign_SymC1/Wt1-4c_SymC1_2
echo STAR alignment of Wt1-4c complete

------------------------------------------------------------

Successfully completed.

Resource usage summary:

    CPU time :                                   503.29 sec.
    Max Memory :                                 22880 MB
    Average Memory :                             15982.57 MB
    Total Requested Memory :                     12000.00 MB
    Delta Memory :                               -10880.00 MB
    Max Swap :                                   26003 MB
    Max Processes :                              4
    Max Threads :                                35

The output (if any) follows:

Apr 23 09:13:01 ..... started STAR run
Apr 23 09:13:01 ..... loading genome
Apr 23 09:13:16 ..... processing annotations GTF
Apr 23 09:13:22 ..... inserting junctions into the genome indices
Apr 23 09:13:48 ..... started mapping
Apr 23 09:14:36 ..... finished successfully
STAR alignment of Wt1-4c complete


PS:

Read file </scratch/projects/transcriptomics/mikeconnelly/projects/EAPSI_Symbiodinaceae/errorfiles/Wt1-4c_staralign_symC123520905.err> for stderr output of this job.

