Sender: LSF System <lsfadmin@n196>
Subject: Job 23521381: <Wt2-5c_staralign_symC1> in cluster <mk2> Done

Job <Wt2-5c_staralign_symC1> was submitted from host <n251> by user <m.connelly> in cluster <mk2>.
Job was executed on host(s) <8*n196>, in queue <general>, as user <m.connelly> in cluster <mk2>.
</nethome/m.connelly> was used as the home directory.
</scratch/projects/transcriptomics/mikeconnelly/projects/EAPSI_Symbiodinaceae/jobreports> was used as the working directory.
Started at Thu Apr 23 09:35:59 2020
Results reported on Thu Apr 23 09:36:15 2020

Your job looked like:

------------------------------------------------------------
# LSBATCH: User input
#!/bin/bash
#BSUB -q general
#BSUB -J Wt2-5c_staralign_symC1
#BSUB -o /scratch/projects/transcriptomics/mikeconnelly/projects/EAPSI_Symbiodinaceae/logfiles/Wt2-5c_staralign_symC1%J.out
#BSUB -e /scratch/projects/transcriptomics/mikeconnelly/projects/EAPSI_Symbiodinaceae/errorfiles/Wt2-5c_staralign_symC1%J.err
#BSUB -n 8
#BSUB -W 4:00
/scratch/projects/transcriptomics/mikeconnelly/programs/STAR-2.5.3a/bin/Linux_x86_64/STAR --runMode alignReads --quantMode TranscriptomeSAM --runThreadN 16 --readFilesIn /scratch/projects/transcriptomics/mikeconnelly/projects/EAPSI_Symbiodinaceae/outputs/STARalign_Pdam/Wt2-5c_PdamUnmapped.out.mate1 --genomeDir /scratch/projects/transcriptomics/mikeconnelly/sequences/genomes/symbiodinium/STARindex --sjdbGTFfeatureExon exon --sjdbGTFtagExonParentTranscript Parent --sjdbGTFfile /scratch/projects/transcriptomics/mikeconnelly/sequences/genomes/symbiodinium/symC1_genome.gff --outStd Log BAM_Unsorted BAM_Quant --outSAMtype BAM Unsorted --outReadsUnmapped Fastx --outFileNamePrefix /scratch/projects/transcriptomics/mikeconnelly/projects/EAPSI_Symbiodinaceae/outputs/STARalign_SymC1/Wt2-5c_SymC1_3
echo STAR alignment of Wt2-5c complete

------------------------------------------------------------

Successfully completed.

Resource usage summary:

    CPU time :                                   9.76 sec.
    Max Memory :                                 2058 MB
    Average Memory :                             2058.00 MB
    Total Requested Memory :                     12000.00 MB
    Delta Memory :                               9942.00 MB
    Max Swap :                                   19750 MB
    Max Processes :                              4
    Max Threads :                                5

The output (if any) follows:

Apr 23 09:35:59 ..... started STAR run
Apr 23 09:35:59 ..... loading genome
STAR alignment of Wt2-5c complete


PS:

Read file </scratch/projects/transcriptomics/mikeconnelly/projects/EAPSI_Symbiodinaceae/errorfiles/Wt2-5c_staralign_symC123521381.err> for stderr output of this job.

