Sender: LSF System <lsfadmin@n251>
Subject: Job 23521379: <Wt2-1a_staralign_symC1> in cluster <mk2> Done

Job <Wt2-1a_staralign_symC1> was submitted from host <n251> by user <m.connelly> in cluster <mk2>.
Job was executed on host(s) <8*n251>, in queue <general>, as user <m.connelly> in cluster <mk2>.
</nethome/m.connelly> was used as the home directory.
</scratch/projects/transcriptomics/mikeconnelly/projects/EAPSI_Symbiodinaceae/jobreports> was used as the working directory.
Started at Thu Apr 23 09:35:59 2020
Results reported on Thu Apr 23 09:37:37 2020

Your job looked like:

------------------------------------------------------------
# LSBATCH: User input
#!/bin/bash
#BSUB -q general
#BSUB -J Wt2-1a_staralign_symC1
#BSUB -o /scratch/projects/transcriptomics/mikeconnelly/projects/EAPSI_Symbiodinaceae/logfiles/Wt2-1a_staralign_symC1%J.out
#BSUB -e /scratch/projects/transcriptomics/mikeconnelly/projects/EAPSI_Symbiodinaceae/errorfiles/Wt2-1a_staralign_symC1%J.err
#BSUB -n 8
#BSUB -W 4:00
/scratch/projects/transcriptomics/mikeconnelly/programs/STAR-2.5.3a/bin/Linux_x86_64/STAR --runMode alignReads --quantMode TranscriptomeSAM --runThreadN 16 --readFilesIn /scratch/projects/transcriptomics/mikeconnelly/projects/EAPSI_Symbiodinaceae/outputs/STARalign_Pdam/Wt2-1a_PdamUnmapped.out.mate1 --genomeDir /scratch/projects/transcriptomics/mikeconnelly/sequences/genomes/symbiodinium/STARindex --sjdbGTFfeatureExon exon --sjdbGTFtagExonParentTranscript Parent --sjdbGTFfile /scratch/projects/transcriptomics/mikeconnelly/sequences/genomes/symbiodinium/symC1_genome.gff --outStd Log BAM_Unsorted BAM_Quant --outSAMtype BAM Unsorted --outReadsUnmapped Fastx --outFileNamePrefix /scratch/projects/transcriptomics/mikeconnelly/projects/EAPSI_Symbiodinaceae/outputs/STARalign_SymC1/Wt2-1a_SymC1_3
echo STAR alignment of Wt2-1a complete

------------------------------------------------------------

Successfully completed.

Resource usage summary:

    CPU time :                                   525.72 sec.
    Max Memory :                                 22492 MB
    Average Memory :                             16309.71 MB
    Total Requested Memory :                     12000.00 MB
    Delta Memory :                               -10492.00 MB
    Max Swap :                                   26002 MB
    Max Processes :                              4
    Max Threads :                                35

The output (if any) follows:

Apr 23 09:35:59 ..... started STAR run
Apr 23 09:35:59 ..... loading genome
Apr 23 09:36:13 ..... processing annotations GTF
Apr 23 09:36:22 ..... inserting junctions into the genome indices
Apr 23 09:36:50 ..... started mapping
Apr 23 09:37:37 ..... finished successfully
STAR alignment of Wt2-1a complete


PS:

Read file </scratch/projects/transcriptomics/mikeconnelly/projects/EAPSI_Symbiodinaceae/errorfiles/Wt2-1a_staralign_symC123521379.err> for stderr output of this job.

