                                 Started job on |	Jul 17 17:38:11
                             Started mapping on |	Jul 17 17:39:00
                                    Finished on |	Jul 17 17:41:08
       Mapping speed, Million of reads per hour |	273.46

                          Number of input reads |	9723143
                      Average input read length |	49
                                    UNIQUE READS:
                   Uniquely mapped reads number |	5188236
                        Uniquely mapped reads % |	53.36%
                          Average mapped length |	49.27
                       Number of splices: Total |	314897
            Number of splices: Annotated (sjdb) |	257008
                       Number of splices: GT/AG |	310544
                       Number of splices: GC/AG |	1238
                       Number of splices: AT/AC |	370
               Number of splices: Non-canonical |	2745
                      Mismatch rate per base, % |	1.69%
                         Deletion rate per base |	0.03%
                        Deletion average length |	1.57
                        Insertion rate per base |	0.03%
                       Insertion average length |	1.30
                             MULTI-MAPPING READS:
        Number of reads mapped to multiple loci |	124335
             % of reads mapped to multiple loci |	1.28%
        Number of reads mapped to too many loci |	3261
             % of reads mapped to too many loci |	0.03%
                                  UNMAPPED READS:
       % of reads unmapped: too many mismatches |	0.00%
                 % of reads unmapped: too short |	45.32%
                     % of reads unmapped: other |	0.00%
                                  CHIMERIC READS:
                       Number of chimeric reads |	0
                            % of chimeric reads |	0.00%
