                                 Started job on |	Jul 17 17:50:21
                             Started mapping on |	Jul 17 17:51:12
                                    Finished on |	Jul 17 17:54:42
       Mapping speed, Million of reads per hour |	314.44

                          Number of input reads |	18342063
                      Average input read length |	49
                                    UNIQUE READS:
                   Uniquely mapped reads number |	11522239
                        Uniquely mapped reads % |	62.82%
                          Average mapped length |	49.38
                       Number of splices: Total |	834620
            Number of splices: Annotated (sjdb) |	682668
                       Number of splices: GT/AG |	824389
                       Number of splices: GC/AG |	3373
                       Number of splices: AT/AC |	549
               Number of splices: Non-canonical |	6309
                      Mismatch rate per base, % |	1.25%
                         Deletion rate per base |	0.03%
                        Deletion average length |	1.60
                        Insertion rate per base |	0.02%
                       Insertion average length |	1.40
                             MULTI-MAPPING READS:
        Number of reads mapped to multiple loci |	277936
             % of reads mapped to multiple loci |	1.52%
        Number of reads mapped to too many loci |	7795
             % of reads mapped to too many loci |	0.04%
                                  UNMAPPED READS:
       % of reads unmapped: too many mismatches |	0.00%
                 % of reads unmapped: too short |	35.62%
                     % of reads unmapped: other |	0.01%
                                  CHIMERIC READS:
                       Number of chimeric reads |	0
                            % of chimeric reads |	0.00%
