                                 Started job on |	Jul 17 17:46:04
                             Started mapping on |	Jul 17 17:46:53
                                    Finished on |	Jul 17 17:50:19
       Mapping speed, Million of reads per hour |	328.54

                          Number of input reads |	18799781
                      Average input read length |	49
                                    UNIQUE READS:
                   Uniquely mapped reads number |	12616833
                        Uniquely mapped reads % |	67.11%
                          Average mapped length |	49.37
                       Number of splices: Total |	881450
            Number of splices: Annotated (sjdb) |	717203
                       Number of splices: GT/AG |	870758
                       Number of splices: GC/AG |	3433
                       Number of splices: AT/AC |	604
               Number of splices: Non-canonical |	6655
                      Mismatch rate per base, % |	1.24%
                         Deletion rate per base |	0.03%
                        Deletion average length |	1.59
                        Insertion rate per base |	0.02%
                       Insertion average length |	1.39
                             MULTI-MAPPING READS:
        Number of reads mapped to multiple loci |	279627
             % of reads mapped to multiple loci |	1.49%
        Number of reads mapped to too many loci |	7728
             % of reads mapped to too many loci |	0.04%
                                  UNMAPPED READS:
       % of reads unmapped: too many mismatches |	0.00%
                 % of reads unmapped: too short |	31.35%
                     % of reads unmapped: other |	0.01%
                                  CHIMERIC READS:
                       Number of chimeric reads |	0
                            % of chimeric reads |	0.00%
