                                 Started job on |	Jul 17 17:41:10
                             Started mapping on |	Jul 17 17:42:00
                                    Finished on |	Jul 17 17:43:36
       Mapping speed, Million of reads per hour |	293.98

                          Number of input reads |	7839487
                      Average input read length |	49
                                    UNIQUE READS:
                   Uniquely mapped reads number |	5223465
                        Uniquely mapped reads % |	66.63%
                          Average mapped length |	49.36
                       Number of splices: Total |	505279
            Number of splices: Annotated (sjdb) |	418017
                       Number of splices: GT/AG |	500717
                       Number of splices: GC/AG |	1704
                       Number of splices: AT/AC |	350
               Number of splices: Non-canonical |	2508
                      Mismatch rate per base, % |	1.24%
                         Deletion rate per base |	0.02%
                        Deletion average length |	1.61
                        Insertion rate per base |	0.02%
                       Insertion average length |	1.39
                             MULTI-MAPPING READS:
        Number of reads mapped to multiple loci |	113648
             % of reads mapped to multiple loci |	1.45%
        Number of reads mapped to too many loci |	2311
             % of reads mapped to too many loci |	0.03%
                                  UNMAPPED READS:
       % of reads unmapped: too many mismatches |	0.00%
                 % of reads unmapped: too short |	31.89%
                     % of reads unmapped: other |	0.01%
                                  CHIMERIC READS:
                       Number of chimeric reads |	0
                            % of chimeric reads |	0.00%
