                                 Started job on |	Jul 17 18:07:18
                             Started mapping on |	Jul 17 18:08:06
                                    Finished on |	Jul 17 18:11:46
       Mapping speed, Million of reads per hour |	304.52

                          Number of input reads |	18609554
                      Average input read length |	49
                                    UNIQUE READS:
                   Uniquely mapped reads number |	12397447
                        Uniquely mapped reads % |	66.62%
                          Average mapped length |	49.31
                       Number of splices: Total |	770030
            Number of splices: Annotated (sjdb) |	620116
                       Number of splices: GT/AG |	758013
                       Number of splices: GC/AG |	3579
                       Number of splices: AT/AC |	428
               Number of splices: Non-canonical |	8010
                      Mismatch rate per base, % |	1.65%
                         Deletion rate per base |	0.04%
                        Deletion average length |	1.67
                        Insertion rate per base |	0.03%
                       Insertion average length |	1.42
                             MULTI-MAPPING READS:
        Number of reads mapped to multiple loci |	383634
             % of reads mapped to multiple loci |	2.06%
        Number of reads mapped to too many loci |	13245
             % of reads mapped to too many loci |	0.07%
                                  UNMAPPED READS:
       % of reads unmapped: too many mismatches |	0.00%
                 % of reads unmapped: too short |	31.24%
                     % of reads unmapped: other |	0.01%
                                  CHIMERIC READS:
                       Number of chimeric reads |	0
                            % of chimeric reads |	0.00%
