                                 Started job on |	Jul 17 18:01:44
                             Started mapping on |	Jul 17 18:02:31
                                    Finished on |	Jul 17 18:04:35
       Mapping speed, Million of reads per hour |	302.88

                          Number of input reads |	10432577
                      Average input read length |	49
                                    UNIQUE READS:
                   Uniquely mapped reads number |	6882810
                        Uniquely mapped reads % |	65.97%
                          Average mapped length |	49.33
                       Number of splices: Total |	477361
            Number of splices: Annotated (sjdb) |	387932
                       Number of splices: GT/AG |	470498
                       Number of splices: GC/AG |	2081
                       Number of splices: AT/AC |	274
               Number of splices: Non-canonical |	4508
                      Mismatch rate per base, % |	1.73%
                         Deletion rate per base |	0.04%
                        Deletion average length |	1.70
                        Insertion rate per base |	0.03%
                       Insertion average length |	1.43
                             MULTI-MAPPING READS:
        Number of reads mapped to multiple loci |	203321
             % of reads mapped to multiple loci |	1.95%
        Number of reads mapped to too many loci |	6836
             % of reads mapped to too many loci |	0.07%
                                  UNMAPPED READS:
       % of reads unmapped: too many mismatches |	0.00%
                 % of reads unmapped: too short |	32.01%
                     % of reads unmapped: other |	0.01%
                                  CHIMERIC READS:
                       Number of chimeric reads |	0
                            % of chimeric reads |	0.00%
