                                 Started job on |	Jul 17 17:58:53
                             Started mapping on |	Jul 17 17:59:40
                                    Finished on |	Jul 17 18:01:42
       Mapping speed, Million of reads per hour |	264.14

                          Number of input reads |	8951303
                      Average input read length |	49
                                    UNIQUE READS:
                   Uniquely mapped reads number |	4817334
                        Uniquely mapped reads % |	53.82%
                          Average mapped length |	49.36
                       Number of splices: Total |	346871
            Number of splices: Annotated (sjdb) |	287472
                       Number of splices: GT/AG |	342177
                       Number of splices: GC/AG |	1504
                       Number of splices: AT/AC |	201
               Number of splices: Non-canonical |	2989
                      Mismatch rate per base, % |	1.69%
                         Deletion rate per base |	0.04%
                        Deletion average length |	1.67
                        Insertion rate per base |	0.03%
                       Insertion average length |	1.44
                             MULTI-MAPPING READS:
        Number of reads mapped to multiple loci |	131820
             % of reads mapped to multiple loci |	1.47%
        Number of reads mapped to too many loci |	4482
             % of reads mapped to too many loci |	0.05%
                                  UNMAPPED READS:
       % of reads unmapped: too many mismatches |	0.00%
                 % of reads unmapped: too short |	44.66%
                     % of reads unmapped: other |	0.00%
                                  CHIMERIC READS:
                       Number of chimeric reads |	0
                            % of chimeric reads |	0.00%
