                                 Started job on |	Jul 17 18:04:37
                             Started mapping on |	Jul 17 18:05:25
                                    Finished on |	Jul 17 18:07:16
       Mapping speed, Million of reads per hour |	309.79

                          Number of input reads |	9551871
                      Average input read length |	49
                                    UNIQUE READS:
                   Uniquely mapped reads number |	6466135
                        Uniquely mapped reads % |	67.69%
                          Average mapped length |	49.33
                       Number of splices: Total |	438343
            Number of splices: Annotated (sjdb) |	361369
                       Number of splices: GT/AG |	431992
                       Number of splices: GC/AG |	1924
                       Number of splices: AT/AC |	269
               Number of splices: Non-canonical |	4158
                      Mismatch rate per base, % |	1.73%
                         Deletion rate per base |	0.04%
                        Deletion average length |	1.67
                        Insertion rate per base |	0.03%
                       Insertion average length |	1.45
                             MULTI-MAPPING READS:
        Number of reads mapped to multiple loci |	171507
             % of reads mapped to multiple loci |	1.80%
        Number of reads mapped to too many loci |	6044
             % of reads mapped to too many loci |	0.06%
                                  UNMAPPED READS:
       % of reads unmapped: too many mismatches |	0.00%
                 % of reads unmapped: too short |	30.44%
                     % of reads unmapped: other |	0.01%
                                  CHIMERIC READS:
                       Number of chimeric reads |	0
                            % of chimeric reads |	0.00%
