                                 Started job on |	Jul 18 09:01:10
                             Started mapping on |	Jul 18 09:01:53
                                    Finished on |	Jul 18 09:04:47
       Mapping speed, Million of reads per hour |	317.35

                          Number of input reads |	15338616
                      Average input read length |	49
                                    UNIQUE READS:
                   Uniquely mapped reads number |	9293369
                        Uniquely mapped reads % |	60.59%
                          Average mapped length |	49.33
                       Number of splices: Total |	687798
            Number of splices: Annotated (sjdb) |	564784
                       Number of splices: GT/AG |	678784
                       Number of splices: GC/AG |	2889
                       Number of splices: AT/AC |	349
               Number of splices: Non-canonical |	5776
                      Mismatch rate per base, % |	1.58%
                         Deletion rate per base |	0.04%
                        Deletion average length |	1.69
                        Insertion rate per base |	0.03%
                       Insertion average length |	1.42
                             MULTI-MAPPING READS:
        Number of reads mapped to multiple loci |	260063
             % of reads mapped to multiple loci |	1.70%
        Number of reads mapped to too many loci |	8498
             % of reads mapped to too many loci |	0.06%
                                  UNMAPPED READS:
       % of reads unmapped: too many mismatches |	0.00%
                 % of reads unmapped: too short |	37.64%
                     % of reads unmapped: other |	0.02%
                                  CHIMERIC READS:
                       Number of chimeric reads |	0
                            % of chimeric reads |	0.00%
