                                 Started job on |	Jul 18 09:01:09
                             Started mapping on |	Jul 18 09:01:56
                                    Finished on |	Jul 18 09:03:59
       Mapping speed, Million of reads per hour |	257.56

                          Number of input reads |	8799963
                      Average input read length |	49
                                    UNIQUE READS:
                   Uniquely mapped reads number |	6215332
                        Uniquely mapped reads % |	70.63%
                          Average mapped length |	49.34
                       Number of splices: Total |	432810
            Number of splices: Annotated (sjdb) |	359037
                       Number of splices: GT/AG |	426939
                       Number of splices: GC/AG |	1811
                       Number of splices: AT/AC |	227
               Number of splices: Non-canonical |	3833
                      Mismatch rate per base, % |	1.70%
                         Deletion rate per base |	0.04%
                        Deletion average length |	1.76
                        Insertion rate per base |	0.03%
                       Insertion average length |	1.46
                             MULTI-MAPPING READS:
        Number of reads mapped to multiple loci |	169164
             % of reads mapped to multiple loci |	1.92%
        Number of reads mapped to too many loci |	6511
             % of reads mapped to too many loci |	0.07%
                                  UNMAPPED READS:
       % of reads unmapped: too many mismatches |	0.00%
                 % of reads unmapped: too short |	27.37%
                     % of reads unmapped: other |	0.01%
                                  CHIMERIC READS:
                       Number of chimeric reads |	0
                            % of chimeric reads |	0.00%
