                                 Started job on |	Jul 17 14:43:50
                             Started mapping on |	Jul 17 14:44:32
                                    Finished on |	Jul 17 14:47:34
       Mapping speed, Million of reads per hour |	365.10

                          Number of input reads |	18457799
                      Average input read length |	49
                                    UNIQUE READS:
                   Uniquely mapped reads number |	14037040
                        Uniquely mapped reads % |	76.05%
                          Average mapped length |	49.32
                       Number of splices: Total |	1059636
            Number of splices: Annotated (sjdb) |	878668
                       Number of splices: GT/AG |	1045929
                       Number of splices: GC/AG |	4666
                       Number of splices: AT/AC |	504
               Number of splices: Non-canonical |	8537
                      Mismatch rate per base, % |	1.58%
                         Deletion rate per base |	0.04%
                        Deletion average length |	1.69
                        Insertion rate per base |	0.03%
                       Insertion average length |	1.42
                             MULTI-MAPPING READS:
        Number of reads mapped to multiple loci |	403889
             % of reads mapped to multiple loci |	2.19%
        Number of reads mapped to too many loci |	14076
             % of reads mapped to too many loci |	0.08%
                                  UNMAPPED READS:
       % of reads unmapped: too many mismatches |	0.00%
                 % of reads unmapped: too short |	21.68%
                     % of reads unmapped: other |	0.01%
                                  CHIMERIC READS:
                       Number of chimeric reads |	0
                            % of chimeric reads |	0.00%
