                                 Started job on |	Jul 17 14:40:34
                             Started mapping on |	Jul 17 14:41:16
                                    Finished on |	Jul 17 14:43:49
       Mapping speed, Million of reads per hour |	290.33

                          Number of input reads |	12339189
                      Average input read length |	49
                                    UNIQUE READS:
                   Uniquely mapped reads number |	6989326
                        Uniquely mapped reads % |	56.64%
                          Average mapped length |	49.34
                       Number of splices: Total |	429866
            Number of splices: Annotated (sjdb) |	352292
                       Number of splices: GT/AG |	423183
                       Number of splices: GC/AG |	1719
                       Number of splices: AT/AC |	201
               Number of splices: Non-canonical |	4763
                      Mismatch rate per base, % |	1.75%
                         Deletion rate per base |	0.05%
                        Deletion average length |	1.70
                        Insertion rate per base |	0.03%
                       Insertion average length |	1.48
                             MULTI-MAPPING READS:
        Number of reads mapped to multiple loci |	198886
             % of reads mapped to multiple loci |	1.61%
        Number of reads mapped to too many loci |	7665
             % of reads mapped to too many loci |	0.06%
                                  UNMAPPED READS:
       % of reads unmapped: too many mismatches |	0.00%
                 % of reads unmapped: too short |	41.68%
                     % of reads unmapped: other |	0.01%
                                  CHIMERIC READS:
                       Number of chimeric reads |	0
                            % of chimeric reads |	0.00%
