                                 Started job on |	Jul 17 14:38:08
                             Started mapping on |	Jul 17 14:38:51
                                    Finished on |	Jul 17 14:40:32
       Mapping speed, Million of reads per hour |	301.73

                          Number of input reads |	8465190
                      Average input read length |	49
                                    UNIQUE READS:
                   Uniquely mapped reads number |	5899328
                        Uniquely mapped reads % |	69.69%
                          Average mapped length |	49.33
                       Number of splices: Total |	406813
            Number of splices: Annotated (sjdb) |	334695
                       Number of splices: GT/AG |	401120
                       Number of splices: GC/AG |	1625
                       Number of splices: AT/AC |	202
               Number of splices: Non-canonical |	3866
                      Mismatch rate per base, % |	1.71%
                         Deletion rate per base |	0.04%
                        Deletion average length |	1.69
                        Insertion rate per base |	0.03%
                       Insertion average length |	1.41
                             MULTI-MAPPING READS:
        Number of reads mapped to multiple loci |	173326
             % of reads mapped to multiple loci |	2.05%
        Number of reads mapped to too many loci |	6190
             % of reads mapped to too many loci |	0.07%
                                  UNMAPPED READS:
       % of reads unmapped: too many mismatches |	0.00%
                 % of reads unmapped: too short |	28.18%
                     % of reads unmapped: other |	0.01%
                                  CHIMERIC READS:
                       Number of chimeric reads |	0
                            % of chimeric reads |	0.00%
