                                 Started job on |	Jul 17 14:47:35
                             Started mapping on |	Jul 17 14:48:17
                                    Finished on |	Jul 17 14:51:20
       Mapping speed, Million of reads per hour |	353.58

                          Number of input reads |	17973556
                      Average input read length |	49
                                    UNIQUE READS:
                   Uniquely mapped reads number |	12750037
                        Uniquely mapped reads % |	70.94%
                          Average mapped length |	49.30
                       Number of splices: Total |	982879
            Number of splices: Annotated (sjdb) |	808584
                       Number of splices: GT/AG |	970769
                       Number of splices: GC/AG |	3770
                       Number of splices: AT/AC |	477
               Number of splices: Non-canonical |	7863
                      Mismatch rate per base, % |	1.58%
                         Deletion rate per base |	0.04%
                        Deletion average length |	1.68
                        Insertion rate per base |	0.03%
                       Insertion average length |	1.42
                             MULTI-MAPPING READS:
        Number of reads mapped to multiple loci |	332189
             % of reads mapped to multiple loci |	1.85%
        Number of reads mapped to too many loci |	11629
             % of reads mapped to too many loci |	0.06%
                                  UNMAPPED READS:
       % of reads unmapped: too many mismatches |	0.00%
                 % of reads unmapped: too short |	27.11%
                     % of reads unmapped: other |	0.04%
                                  CHIMERIC READS:
                       Number of chimeric reads |	0
                            % of chimeric reads |	0.00%
