                                 Started job on |	Jul 17 17:12:09
                             Started mapping on |	Jul 17 17:12:52
                                    Finished on |	Jul 17 17:15:43
       Mapping speed, Million of reads per hour |	373.52

                          Number of input reads |	17742038
                      Average input read length |	49
                                    UNIQUE READS:
                   Uniquely mapped reads number |	13421266
                        Uniquely mapped reads % |	75.65%
                          Average mapped length |	49.29
                       Number of splices: Total |	1090897
            Number of splices: Annotated (sjdb) |	895485
                       Number of splices: GT/AG |	1078065
                       Number of splices: GC/AG |	4222
                       Number of splices: AT/AC |	492
               Number of splices: Non-canonical |	8118
                      Mismatch rate per base, % |	1.55%
                         Deletion rate per base |	0.04%
                        Deletion average length |	1.76
                        Insertion rate per base |	0.03%
                       Insertion average length |	1.40
                             MULTI-MAPPING READS:
        Number of reads mapped to multiple loci |	365110
             % of reads mapped to multiple loci |	2.06%
        Number of reads mapped to too many loci |	13438
             % of reads mapped to too many loci |	0.08%
                                  UNMAPPED READS:
       % of reads unmapped: too many mismatches |	0.00%
                 % of reads unmapped: too short |	22.13%
                     % of reads unmapped: other |	0.09%
                                  CHIMERIC READS:
                       Number of chimeric reads |	0
                            % of chimeric reads |	0.00%
