                                 Started job on |	Jul 17 17:15:44
                             Started mapping on |	Jul 17 17:16:27
                                    Finished on |	Jul 17 17:18:58
       Mapping speed, Million of reads per hour |	292.86

                          Number of input reads |	12283946
                      Average input read length |	49
                                    UNIQUE READS:
                   Uniquely mapped reads number |	7674789
                        Uniquely mapped reads % |	62.48%
                          Average mapped length |	49.20
                       Number of splices: Total |	465368
            Number of splices: Annotated (sjdb) |	382388
                       Number of splices: GT/AG |	458300
                       Number of splices: GC/AG |	1917
                       Number of splices: AT/AC |	298
               Number of splices: Non-canonical |	4853
                      Mismatch rate per base, % |	2.07%
                         Deletion rate per base |	0.04%
                        Deletion average length |	1.65
                        Insertion rate per base |	0.03%
                       Insertion average length |	1.33
                             MULTI-MAPPING READS:
        Number of reads mapped to multiple loci |	208094
             % of reads mapped to multiple loci |	1.69%
        Number of reads mapped to too many loci |	7076
             % of reads mapped to too many loci |	0.06%
                                  UNMAPPED READS:
       % of reads unmapped: too many mismatches |	0.00%
                 % of reads unmapped: too short |	35.76%
                     % of reads unmapped: other |	0.01%
                                  CHIMERIC READS:
                       Number of chimeric reads |	0
                            % of chimeric reads |	0.00%
