                                 Started job on |	Jul 17 17:30:38
                             Started mapping on |	Jul 17 17:31:21
                                    Finished on |	Jul 17 17:34:48
       Mapping speed, Million of reads per hour |	291.33

                          Number of input reads |	16751731
                      Average input read length |	49
                                    UNIQUE READS:
                   Uniquely mapped reads number |	10600374
                        Uniquely mapped reads % |	63.28%
                          Average mapped length |	49.33
                       Number of splices: Total |	914437
            Number of splices: Annotated (sjdb) |	760621
                       Number of splices: GT/AG |	904587
                       Number of splices: GC/AG |	3527
                       Number of splices: AT/AC |	457
               Number of splices: Non-canonical |	5866
                      Mismatch rate per base, % |	1.53%
                         Deletion rate per base |	0.03%
                        Deletion average length |	1.68
                        Insertion rate per base |	0.02%
                       Insertion average length |	1.45
                             MULTI-MAPPING READS:
        Number of reads mapped to multiple loci |	285163
             % of reads mapped to multiple loci |	1.70%
        Number of reads mapped to too many loci |	8616
             % of reads mapped to too many loci |	0.05%
                                  UNMAPPED READS:
       % of reads unmapped: too many mismatches |	0.00%
                 % of reads unmapped: too short |	34.96%
                     % of reads unmapped: other |	0.00%
                                  CHIMERIC READS:
                       Number of chimeric reads |	0
                            % of chimeric reads |	0.00%
