                                 Started job on |	Jul 17 17:22:37
                             Started mapping on |	Jul 17 17:23:22
                                    Finished on |	Jul 17 17:27:02
       Mapping speed, Million of reads per hour |	332.56

                          Number of input reads |	20323384
                      Average input read length |	49
                                    UNIQUE READS:
                   Uniquely mapped reads number |	13803132
                        Uniquely mapped reads % |	67.92%
                          Average mapped length |	49.31
                       Number of splices: Total |	1071793
            Number of splices: Annotated (sjdb) |	884196
                       Number of splices: GT/AG |	1058341
                       Number of splices: GC/AG |	4454
                       Number of splices: AT/AC |	631
               Number of splices: Non-canonical |	8367
                      Mismatch rate per base, % |	1.62%
                         Deletion rate per base |	0.03%
                        Deletion average length |	1.68
                        Insertion rate per base |	0.02%
                       Insertion average length |	1.43
                             MULTI-MAPPING READS:
        Number of reads mapped to multiple loci |	399424
             % of reads mapped to multiple loci |	1.97%
        Number of reads mapped to too many loci |	13489
             % of reads mapped to too many loci |	0.07%
                                  UNMAPPED READS:
       % of reads unmapped: too many mismatches |	0.00%
                 % of reads unmapped: too short |	30.04%
                     % of reads unmapped: other |	0.01%
                                  CHIMERIC READS:
                       Number of chimeric reads |	0
                            % of chimeric reads |	0.00%
