                                 Started job on |	Jul 17 17:27:03
                             Started mapping on |	Jul 17 17:27:46
                                    Finished on |	Jul 17 17:30:36
       Mapping speed, Million of reads per hour |	378.45

                          Number of input reads |	17871277
                      Average input read length |	49
                                    UNIQUE READS:
                   Uniquely mapped reads number |	13471466
                        Uniquely mapped reads % |	75.38%
                          Average mapped length |	49.32
                       Number of splices: Total |	1096134
            Number of splices: Annotated (sjdb) |	899678
                       Number of splices: GT/AG |	1082832
                       Number of splices: GC/AG |	4509
                       Number of splices: AT/AC |	492
               Number of splices: Non-canonical |	8301
                      Mismatch rate per base, % |	1.55%
                         Deletion rate per base |	0.03%
                        Deletion average length |	1.72
                        Insertion rate per base |	0.03%
                       Insertion average length |	1.42
                             MULTI-MAPPING READS:
        Number of reads mapped to multiple loci |	384007
             % of reads mapped to multiple loci |	2.15%
        Number of reads mapped to too many loci |	12040
             % of reads mapped to too many loci |	0.07%
                                  UNMAPPED READS:
       % of reads unmapped: too many mismatches |	0.00%
                 % of reads unmapped: too short |	22.38%
                     % of reads unmapped: other |	0.02%
                                  CHIMERIC READS:
                       Number of chimeric reads |	0
                            % of chimeric reads |	0.00%
