                                 Started job on |	Jul 17 17:34:49
                             Started mapping on |	Jul 17 17:35:31
                                    Finished on |	Jul 17 17:38:09
       Mapping speed, Million of reads per hour |	355.55

                          Number of input reads |	15604812
                      Average input read length |	49
                                    UNIQUE READS:
                   Uniquely mapped reads number |	11342242
                        Uniquely mapped reads % |	72.68%
                          Average mapped length |	49.28
                       Number of splices: Total |	870495
            Number of splices: Annotated (sjdb) |	717855
                       Number of splices: GT/AG |	859751
                       Number of splices: GC/AG |	3490
                       Number of splices: AT/AC |	490
               Number of splices: Non-canonical |	6764
                      Mismatch rate per base, % |	1.70%
                         Deletion rate per base |	0.03%
                        Deletion average length |	1.69
                        Insertion rate per base |	0.02%
                       Insertion average length |	1.39
                             MULTI-MAPPING READS:
        Number of reads mapped to multiple loci |	305959
             % of reads mapped to multiple loci |	1.96%
        Number of reads mapped to too many loci |	9990
             % of reads mapped to too many loci |	0.06%
                                  UNMAPPED READS:
       % of reads unmapped: too many mismatches |	0.00%
                 % of reads unmapped: too short |	25.28%
                     % of reads unmapped: other |	0.01%
                                  CHIMERIC READS:
                       Number of chimeric reads |	0
                            % of chimeric reads |	0.00%
