                                 Started job on |	Jul 17 17:19:00
                             Started mapping on |	Jul 17 17:19:43
                                    Finished on |	Jul 17 17:22:35
       Mapping speed, Million of reads per hour |	341.61

                          Number of input reads |	16321135
                      Average input read length |	49
                                    UNIQUE READS:
                   Uniquely mapped reads number |	12475954
                        Uniquely mapped reads % |	76.44%
                          Average mapped length |	49.30
                       Number of splices: Total |	983038
            Number of splices: Annotated (sjdb) |	817958
                       Number of splices: GT/AG |	970704
                       Number of splices: GC/AG |	4110
                       Number of splices: AT/AC |	598
               Number of splices: Non-canonical |	7626
                      Mismatch rate per base, % |	1.61%
                         Deletion rate per base |	0.04%
                        Deletion average length |	1.71
                        Insertion rate per base |	0.03%
                       Insertion average length |	1.45
                             MULTI-MAPPING READS:
        Number of reads mapped to multiple loci |	336912
             % of reads mapped to multiple loci |	2.06%
        Number of reads mapped to too many loci |	12009
             % of reads mapped to too many loci |	0.07%
                                  UNMAPPED READS:
       % of reads unmapped: too many mismatches |	0.00%
                 % of reads unmapped: too short |	21.41%
                     % of reads unmapped: other |	0.01%
                                  CHIMERIC READS:
                       Number of chimeric reads |	0
                            % of chimeric reads |	0.00%
