[2019-07-19 09:35:01,992] multiqc                                            [DEBUG  ]  No MultiQC config found: /Users/mikeconnelly/computing/programs/miniconda2/lib/python3.7/site-packages/multiqc_config.yaml
[2019-07-19 09:35:01,992] multiqc                                            [DEBUG  ]  No MultiQC config found: /Users/mikeconnelly/.multiqc_config.yaml
[2019-07-19 09:35:01,992] multiqc                                            [DEBUG  ]  No MultiQC config found: multiqc_config.yaml
[2019-07-19 09:35:01,993] multiqc                                            [DEBUG  ]  Command used: /Users/mikeconnelly/computing/programs/miniconda2/bin/multiqc .
[2019-07-19 09:35:03,363] multiqc                                            [DEBUG  ]  Latest MultiQC version is v1.7
[2019-07-19 09:35:03,363] multiqc                                            [INFO   ]  This is MultiQC v1.7 (ff743f6)
[2019-07-19 09:35:03,363] multiqc                                            [DEBUG  ]  Command     : /Users/mikeconnelly/computing/programs/miniconda2/bin/multiqc .
[2019-07-19 09:35:03,364] multiqc                                            [DEBUG  ]  Working dir : /Users/mikeconnelly/computing/scripts/EAPSI-demi/SymC1_fC
[2019-07-19 09:35:03,364] multiqc                                            [INFO   ]  Template    : default
[2019-07-19 09:35:03,364] multiqc                                            [INFO   ]  Searching '.'
[2019-07-19 09:35:03,364] multiqc                                            [DEBUG  ]  Analysing modules: custom_content, conpair, peddy, methylQA, phantompeakqualtools, qualimap, preseq, quast, qorts, rna_seqc, rsem, rseqc, busco, goleft_indexcov, disambiguate, supernova, deeptools, sargasso, verifybamid, mirtrace, happy, homer, macs2, theta2, snpeff, gatk, htseq, bcftools, featureCounts, dedup, damageprofiler, picard, prokka, samblaster, samtools, bamtools, jellyfish, vcftools, longranger, stacks, bbmap, bismark, biscuit, hicexplorer, hicup, hicpro, salmon, kallisto, slamdunk, star, hisat2, tophat, bowtie2, bowtie1, kat, leehom, adapterRemoval, clipandmerge, cutadapt, flexbar, trimmomatic, skewer, sortmerna, biobloomtools, fastq_screen, afterqc, fastp, fastqc, minionqc, clusterflow, bcl2fastq, interop, flash
[2019-07-19 09:35:03,366] multiqc                                            [DEBUG  ]  Using temporary directory for creating report: /var/folders/1y/kj04j1r14wl12yhwwhpfjwl80000gn/T/tmpupb6b1af
[2019-07-19 09:35:04,357] multiqc                                            [DEBUG  ]  No samples found: custom_content
[2019-07-19 09:35:04,365] multiqc                                            [DEBUG  ]  No samples found: conpair
[2019-07-19 09:35:04,373] multiqc                                            [DEBUG  ]  No samples found: peddy
[2019-07-19 09:35:04,381] multiqc                                            [DEBUG  ]  No samples found: methylQA
[2019-07-19 09:35:04,389] multiqc                                            [DEBUG  ]  No samples found: phantompeakqualtools
[2019-07-19 09:35:04,405] multiqc                                            [DEBUG  ]  No samples found: qualimap
[2019-07-19 09:35:04,414] multiqc                                            [DEBUG  ]  No samples found: preseq
[2019-07-19 09:35:04,422] multiqc                                            [DEBUG  ]  No samples found: quast
[2019-07-19 09:35:04,429] multiqc                                            [DEBUG  ]  No samples found: qorts
[2019-07-19 09:35:04,435] multiqc                                            [DEBUG  ]  No samples found: rna_seqc
[2019-07-19 09:35:04,441] multiqc                                            [DEBUG  ]  No samples found: rsem
[2019-07-19 09:35:04,462] multiqc                                            [DEBUG  ]  No samples found: rseqc
[2019-07-19 09:35:04,467] multiqc                                            [DEBUG  ]  No samples found: busco
[2019-07-19 09:35:04,476] multiqc                                            [DEBUG  ]  No samples found: goleft_indexcov
[2019-07-19 09:35:04,483] multiqc                                            [DEBUG  ]  No samples found: disambiguate
[2019-07-19 09:35:04,490] multiqc                                            [DEBUG  ]  No samples found: supernova
[2019-07-19 09:35:04,511] multiqc                                            [DEBUG  ]  No samples found: deeptools
[2019-07-19 09:35:04,518] multiqc                                            [DEBUG  ]  No samples found: sargasso
[2019-07-19 09:35:04,524] multiqc                                            [DEBUG  ]  No samples found: verifybamid
[2019-07-19 09:35:04,529] multiqc                                            [DEBUG  ]  No samples found: mirtrace
[2019-07-19 09:35:04,534] multiqc                                            [DEBUG  ]  No samples found: happy
[2019-07-19 09:35:04,543] multiqc                                            [DEBUG  ]  No samples found: homer
[2019-07-19 09:35:04,548] multiqc                                            [DEBUG  ]  No samples found: macs2
[2019-07-19 09:35:04,554] multiqc                                            [DEBUG  ]  No samples found: theta2
[2019-07-19 09:35:04,559] multiqc                                            [DEBUG  ]  No samples found: snpeff
[2019-07-19 09:35:04,568] multiqc                                            [DEBUG  ]  No samples found: gatk
[2019-07-19 09:35:04,573] multiqc                                            [DEBUG  ]  No samples found: htseq
[2019-07-19 09:35:04,579] multiqc                                            [DEBUG  ]  No samples found: bcftools
[2019-07-19 09:35:04,588] multiqc.modules.featureCounts.feature_counts       [INFO   ]  Found 23 reports
[2019-07-19 09:35:04,596] multiqc                                            [DEBUG  ]  No samples found: dedup
[2019-07-19 09:35:04,601] multiqc                                            [DEBUG  ]  No samples found: damageprofiler
[2019-07-19 09:35:04,625] multiqc                                            [DEBUG  ]  No samples found: picard
[2019-07-19 09:35:04,630] multiqc                                            [DEBUG  ]  No samples found: prokka
[2019-07-19 09:35:04,636] multiqc                                            [DEBUG  ]  No samples found: samblaster
[2019-07-19 09:35:04,648] multiqc                                            [DEBUG  ]  No samples found: samtools
[2019-07-19 09:35:04,656] multiqc                                            [DEBUG  ]  No samples found: bamtools
[2019-07-19 09:35:04,662] multiqc                                            [DEBUG  ]  No samples found: jellyfish
[2019-07-19 09:35:04,674] multiqc                                            [DEBUG  ]  No samples found: vcftools
[2019-07-19 09:35:04,679] multiqc                                            [DEBUG  ]  No samples found: longranger
[2019-07-19 09:35:04,684] multiqc                                            [DEBUG  ]  No samples found: stacks
[2019-07-19 09:35:04,700] multiqc                                            [DEBUG  ]  No samples found: bbmap
[2019-07-19 09:35:04,704] multiqc                                            [DEBUG  ]  No samples found: bismark
[2019-07-19 09:35:04,714] multiqc                                            [DEBUG  ]  No samples found: biscuit
[2019-07-19 09:35:04,720] multiqc                                            [DEBUG  ]  No samples found: hicexplorer
[2019-07-19 09:35:04,726] multiqc                                            [DEBUG  ]  No samples found: hicup
[2019-07-19 09:35:04,730] multiqc                                            [DEBUG  ]  No samples found: hicpro
[2019-07-19 09:35:04,734] multiqc                                            [DEBUG  ]  No samples found: salmon
[2019-07-19 09:35:04,741] multiqc                                            [DEBUG  ]  No samples found: kallisto
[2019-07-19 09:35:04,752] multiqc                                            [DEBUG  ]  No samples found: slamdunk
[2019-07-19 09:35:04,760] multiqc                                            [DEBUG  ]  No samples found: star
[2019-07-19 09:35:04,766] multiqc                                            [DEBUG  ]  No samples found: hisat2
[2019-07-19 09:35:04,773] multiqc                                            [DEBUG  ]  No samples found: tophat
[2019-07-19 09:35:04,780] multiqc                                            [DEBUG  ]  No samples found: bowtie2
[2019-07-19 09:35:04,785] multiqc                                            [DEBUG  ]  No samples found: bowtie1
[2019-07-19 09:35:04,791] multiqc                                            [DEBUG  ]  No samples found: kat
[2019-07-19 09:35:04,797] multiqc                                            [DEBUG  ]  No samples found: leehom
[2019-07-19 09:35:04,802] multiqc                                            [DEBUG  ]  No samples found: adapterRemoval
[2019-07-19 09:35:04,809] multiqc                                            [DEBUG  ]  No samples found: clipandmerge
[2019-07-19 09:35:04,815] multiqc                                            [DEBUG  ]  No samples found: cutadapt
[2019-07-19 09:35:04,820] multiqc                                            [DEBUG  ]  No samples found: flexbar
[2019-07-19 09:35:04,827] multiqc                                            [DEBUG  ]  No samples found: trimmomatic
[2019-07-19 09:35:04,833] multiqc                                            [DEBUG  ]  No samples found: skewer
[2019-07-19 09:35:04,838] multiqc                                            [DEBUG  ]  No samples found: sortmerna
[2019-07-19 09:35:04,845] multiqc                                            [DEBUG  ]  No samples found: biobloomtools
[2019-07-19 09:35:04,850] multiqc                                            [DEBUG  ]  No samples found: fastq_screen
[2019-07-19 09:35:04,857] multiqc                                            [DEBUG  ]  No samples found: afterqc
[2019-07-19 09:35:04,862] multiqc                                            [DEBUG  ]  No samples found: fastp
[2019-07-19 09:35:04,875] multiqc                                            [DEBUG  ]  No samples found: fastqc
[2019-07-19 09:35:04,881] multiqc                                            [DEBUG  ]  No samples found: minionqc
[2019-07-19 09:35:04,887] multiqc                                            [DEBUG  ]  No samples found: clusterflow
[2019-07-19 09:35:04,893] multiqc                                            [DEBUG  ]  No samples found: bcl2fastq
[2019-07-19 09:35:04,900] multiqc                                            [DEBUG  ]  No samples found: interop
[2019-07-19 09:35:04,906] multiqc                                            [DEBUG  ]  No samples found: flash
[2019-07-19 09:35:04,920] multiqc                                            [INFO   ]  Compressing plot data
[2019-07-19 09:35:04,926] multiqc                                            [INFO   ]  Report      : multiqc_report.html
[2019-07-19 09:35:04,926] multiqc                                            [INFO   ]  Data        : multiqc_data
[2019-07-19 09:35:04,927] multiqc                                            [DEBUG  ]  Moving data file from '/var/folders/1y/kj04j1r14wl12yhwwhpfjwl80000gn/T/tmpupb6b1af/multiqc_data/multiqc_featureCounts.txt' to '/Users/mikeconnelly/computing/scripts/EAPSI-demi/SymC1_fC/multiqc_data'
[2019-07-19 09:35:04,927] multiqc                                            [DEBUG  ]  Moving data file from '/var/folders/1y/kj04j1r14wl12yhwwhpfjwl80000gn/T/tmpupb6b1af/multiqc_data/multiqc_general_stats.txt' to '/Users/mikeconnelly/computing/scripts/EAPSI-demi/SymC1_fC/multiqc_data'
[2019-07-19 09:35:04,928] multiqc                                            [DEBUG  ]  Moving data file from '/var/folders/1y/kj04j1r14wl12yhwwhpfjwl80000gn/T/tmpupb6b1af/multiqc_data/multiqc_sources.txt' to '/Users/mikeconnelly/computing/scripts/EAPSI-demi/SymC1_fC/multiqc_data'
[2019-07-19 09:35:04,928] multiqc                                            [DEBUG  ]  Moving data file from '/var/folders/1y/kj04j1r14wl12yhwwhpfjwl80000gn/T/tmpupb6b1af/multiqc_data/multiqc_data.json' to '/Users/mikeconnelly/computing/scripts/EAPSI-demi/SymC1_fC/multiqc_data'
[2019-07-19 09:35:05,083] multiqc                                            [INFO   ]  MultiQC complete
