Sender: LSF System <lsfadmin@n175>
Subject: Job 23519504: <STARwrap_symC1> in cluster <mk2> Done

Job <STARwrap_symC1> was submitted from host <n179> by user <m.connelly> in cluster <mk2>.
Job was executed on host(s) <8*n175>, in queue <general>, as user <m.connelly> in cluster <mk2>.
</nethome/m.connelly> was used as the home directory.
</scratch/projects/transcriptomics/mikeconnelly/projects/EAPSI_Symbiodinaceae/jobreports> was used as the working directory.
Started at Thu Apr 23 07:36:49 2020
Results reported on Thu Apr 23 07:36:51 2020

Your job looked like:

------------------------------------------------------------
# LSBATCH: User input
#!/bin/bash
#BSUB -J STARwrap_symC1
#BSUB -q general
#BSUB -P transcriptomics
#BSUB -o STARwrap_symC1%J.out
#BSUB -e STARwrap_symC1%J.err
#BSUB -n 8
#BSUB -u m.connelly@umiami.edu

#specify variable containing sequence file prefixes and directory paths
mcs="/scratch/projects/transcriptomics/mikeconnelly"
prodir="/scratch/projects/transcriptomics/mikeconnelly/projects/EAPSI_Symbiodinaceae"
EAPSIsamples="Wt1-1a Wt1-1b Wt1-1c Wt1-4a Wt1-4b Wt1-4c Wt1-5a Wt1-5b Wt1-5c Wt1-6a Wt1-6b Wt1-6c Wt2-1a Wt2-1b Wt2-1c Wt2-4a Wt2-4b Wt2-4c Wt2-5a Wt2-5b Wt2-5c Wt2-6a Wt2-6b Wt2-6c Hw1-1a Hw1-1b Hw1-1c Hw1-4a Hw1-4b Hw1-4c Hw1-5a Hw1-5b Hw1-5c Hw1-6a Hw1-6b Hw1-6c Hw2-1a Hw2-1b Hw2-1c Hw2-4a Hw2-4b Hw2-4c Hw2-5a Hw2-5b Hw2-5c Hw2-6b Hw2-6c"

#lets me know which files are being processed
echo "These are the reads to be aligned to the Cladocopium goreaui reference genome: $EAPSIsamples"

#loop to automate generation of scripts to direct sequence file trimming
for EAPSIsample in $EAPSIsamples
do \
echo "Aligning ${EAPSIsample}"

#   input BSUB commands
echo '#!/bin/bash' > "${prodir}"/bash/jobs/"${EAPSIsample}"_staralign_symC1.job
echo '#BSUB -q general' >> "${prodir}"/bash/jobs/"${EAPSIsample}"_staralign_symC1.job
echo '#BSUB -J '"${EAPSIsample}"_staralign_symC1'' >> "${prodir}"/bash/jobs/"${EAPSIsample}"_staralign_symC1.job
echo '#BSUB -o '"${prodir}"/logfiles/"$EAPSIsample"_staralign_symC1%J.out'' >> "${prodir}"/bash/jobs/"${EAPSIsample}"_staralign_symC1.job
echo '#BSUB -e '"${prodir}"/errorfiles/"$EAPSIsample"_staralign_symC1%J.err'' >> "${prodir}"/bash/jobs/"${EAPSIsample}"_staralign_symC1.job
echo '#BSUB -n 8' >> "${prodir}"/bash/jobs/"${EAPSIsample}"_staralign_symC1.job
echo '#BSUB -W 4:00' >> "${prodir}"/bash/jobs/"${EAPSIsample}"_staralign_symC1.job

#   input command to run STAR aligner
echo ${mcs}/programs/STAR-2.5.3a/bin/Linux_x86_64/STAR \
--runMode alignReads \
--quantMode TranscriptomeSAM \
--runThreadN 16 \
--readFilesIn ${prodir}/outputs/STARalign_Pdam/${EAPSIsample}_PdamUnmapped.out.mate1 \
--genomeDir ${mcs}/sequences/genomes/symbiodinium/STARindex \
--sjdbGTFfeatureExon exon \
--sjdbGTFtagExonParentTranscript Parent \
--sjdbGTFfile  ${mcs}/sequences/genomes/symbiodinium/symC1_genome.gff \
--outStd Log BAM_Unsorted BAM_Quant \
--outSAMtype BAM Unsorted \
--outReadsUnmapped Fastx \
--outFileNamePrefix ${prodir}/outputs/STARalign_SymC1/${EAPSIsample}_SymC1 >> "${prodir}"/bash/jobs/"${EAPSIsample}"_staralign_symC1.job

#lets me know file is done
echo 'echo' "STAR alignment of $EAPSIsample complete" >> "${prodir}"/bash/jobs/"${EAPSIsample}"_staralign_symC1.job
echo "STAR alignment script of $EAPSIsample submitted"
#   submit generated trimming script to job queue

(... more ...)
------------------------------------------------------------

Successfully completed.

Resource usage summary:

    CPU time :                                   1.05 sec.
    Max Memory :                                 2 MB
    Average Memory :                             2.00 MB
    Total Requested Memory :                     12000.00 MB
    Delta Memory :                               11998.00 MB
    Max Swap :                                   234 MB
    Max Processes :                              3
    Max Threads :                                4

The output (if any) follows:

These are the reads to be aligned to the Cladocopium goreaui reference genome: Wt1-1a Wt1-1b Wt1-1c Wt1-4a Wt1-4b Wt1-4c Wt1-5a Wt1-5b Wt1-5c Wt1-6a Wt1-6b Wt1-6c Wt2-1a Wt2-1b Wt2-1c Wt2-4a Wt2-4b Wt2-4c Wt2-5a Wt2-5b Wt2-5c Wt2-6a Wt2-6b Wt2-6c Hw1-1a Hw1-1b Hw1-1c Hw1-4a Hw1-4b Hw1-4c Hw1-5a Hw1-5b Hw1-5c Hw1-6a Hw1-6b Hw1-6c Hw2-1a Hw2-1b Hw2-1c Hw2-4a Hw2-4b Hw2-4c Hw2-5a Hw2-5b Hw2-5c Hw2-6b Hw2-6c
Aligning Wt1-1a
STAR alignment script of Wt1-1a submitted
Job <23519505> is submitted to queue <general>.
Aligning Wt1-1b
STAR alignment script of Wt1-1b submitted
Job <23519506> is submitted to queue <general>.
Aligning Wt1-1c
STAR alignment script of Wt1-1c submitted
Job <23519507> is submitted to queue <general>.
Aligning Wt1-4a
STAR alignment script of Wt1-4a submitted
Job <23519508> is submitted to queue <general>.
Aligning Wt1-4b
STAR alignment script of Wt1-4b submitted
Job <23519509> is submitted to queue <general>.
Aligning Wt1-4c
STAR alignment script of Wt1-4c submitted
Job <23519510> is submitted to queue <general>.
Aligning Wt1-5a
STAR alignment script of Wt1-5a submitted
Job <23519511> is submitted to queue <general>.
Aligning Wt1-5b
STAR alignment script of Wt1-5b submitted
Job <23519512> is submitted to queue <general>.
Aligning Wt1-5c
STAR alignment script of Wt1-5c submitted
Job <23519513> is submitted to queue <general>.
Aligning Wt1-6a
STAR alignment script of Wt1-6a submitted
Job <23519514> is submitted to queue <general>.
Aligning Wt1-6b
STAR alignment script of Wt1-6b submitted
Job <23519515> is submitted to queue <general>.
Aligning Wt1-6c
STAR alignment script of Wt1-6c submitted
Job <23519516> is submitted to queue <general>.
Aligning Wt2-1a
STAR alignment script of Wt2-1a submitted
Job <23519517> is submitted to queue <general>.
Aligning Wt2-1b
STAR alignment script of Wt2-1b submitted
Job <23519518> is submitted to queue <general>.
Aligning Wt2-1c
STAR alignment script of Wt2-1c submitted
Job <23519519> is submitted to queue <general>.
Aligning Wt2-4a
STAR alignment script of Wt2-4a submitted
Job <23519520> is submitted to queue <general>.
Aligning Wt2-4b
STAR alignment script of Wt2-4b submitted
Job <23519521> is submitted to queue <general>.
Aligning Wt2-4c
STAR alignment script of Wt2-4c submitted
Job <23519522> is submitted to queue <general>.
Aligning Wt2-5a
STAR alignment script of Wt2-5a submitted
Job <23519523> is submitted to queue <general>.
Aligning Wt2-5b
STAR alignment script of Wt2-5b submitted
Job <23519524> is submitted to queue <general>.
Aligning Wt2-5c
STAR alignment script of Wt2-5c submitted
Job <23519525> is submitted to queue <general>.
Aligning Wt2-6a
STAR alignment script of Wt2-6a submitted
Job <23519526> is submitted to queue <general>.
Aligning Wt2-6b
STAR alignment script of Wt2-6b submitted
Job <23519527> is submitted to queue <general>.
Aligning Wt2-6c
STAR alignment script of Wt2-6c submitted
Job <23519528> is submitted to queue <general>.
Aligning Hw1-1a
STAR alignment script of Hw1-1a submitted
Job <23519529> is submitted to queue <general>.
Aligning Hw1-1b
STAR alignment script of Hw1-1b submitted
Job <23519530> is submitted to queue <general>.
Aligning Hw1-1c
STAR alignment script of Hw1-1c submitted
Job <23519531> is submitted to queue <general>.
Aligning Hw1-4a
STAR alignment script of Hw1-4a submitted
Job <23519532> is submitted to queue <general>.
Aligning Hw1-4b
STAR alignment script of Hw1-4b submitted
Job <23519533> is submitted to queue <general>.
Aligning Hw1-4c
STAR alignment script of Hw1-4c submitted
Job <23519534> is submitted to queue <general>.
Aligning Hw1-5a
STAR alignment script of Hw1-5a submitted
Job <23519535> is submitted to queue <general>.
Aligning Hw1-5b
STAR alignment script of Hw1-5b submitted
Job <23519536> is submitted to queue <general>.
Aligning Hw1-5c
STAR alignment script of Hw1-5c submitted
Job <23519537> is submitted to queue <general>.
Aligning Hw1-6a
STAR alignment script of Hw1-6a submitted
Job <23519538> is submitted to queue <general>.
Aligning Hw1-6b
STAR alignment script of Hw1-6b submitted
Job <23519539> is submitted to queue <general>.
Aligning Hw1-6c
STAR alignment script of Hw1-6c submitted
Job <23519540> is submitted to queue <general>.
Aligning Hw2-1a
STAR alignment script of Hw2-1a submitted
Job <23519541> is submitted to queue <general>.
Aligning Hw2-1b
STAR alignment script of Hw2-1b submitted
Job <23519542> is submitted to queue <general>.
Aligning Hw2-1c
STAR alignment script of Hw2-1c submitted
Job <23519543> is submitted to queue <general>.
Aligning Hw2-4a
STAR alignment script of Hw2-4a submitted
Job <23519544> is submitted to queue <general>.
Aligning Hw2-4b
STAR alignment script of Hw2-4b submitted
Job <23519545> is submitted to queue <general>.
Aligning Hw2-4c
STAR alignment script of Hw2-4c submitted
Job <23519546> is submitted to queue <general>.
Aligning Hw2-5a
STAR alignment script of Hw2-5a submitted
Job <23519547> is submitted to queue <general>.
Aligning Hw2-5b
STAR alignment script of Hw2-5b submitted
Job <23519548> is submitted to queue <general>.
Aligning Hw2-5c
STAR alignment script of Hw2-5c submitted
Job <23519549> is submitted to queue <general>.
Aligning Hw2-6b
STAR alignment script of Hw2-6b submitted
Job <23519550> is submitted to queue <general>.
Aligning Hw2-6c
STAR alignment script of Hw2-6c submitted
Job <23519551> is submitted to queue <general>.


PS:

Read file <STARwrap_symC123519504.err> for stderr output of this job.

