Sender: LSF System <lsfadmin@n287>
Subject: Job 23523075: <STARwrap_symC1> in cluster <mk2> Done

Job <STARwrap_symC1> was submitted from host <n287> by user <m.connelly> in cluster <mk2>.
Job was executed on host(s) <8*n287>, in queue <general>, as user <m.connelly> in cluster <mk2>.
</nethome/m.connelly> was used as the home directory.
</scratch/projects/transcriptomics/mikeconnelly/projects/EAPSI_Symbiodinaceae/jobreports> was used as the working directory.
Started at Thu Apr 23 13:14:45 2020
Results reported on Thu Apr 23 13:14:46 2020

Your job looked like:

------------------------------------------------------------
# LSBATCH: User input
#!/bin/bash
#BSUB -J STARwrap_symC1
#BSUB -q general
#BSUB -P transcriptomics
#BSUB -o STARwrap_symC1%J.out
#BSUB -e STARwrap_symC1%J.err
#BSUB -n 8
#BSUB -u m.connelly@umiami.edu

#specify variable containing sequence file prefixes and directory paths
mcs="/scratch/projects/transcriptomics/mikeconnelly"
prodir="/scratch/projects/transcriptomics/mikeconnelly/projects/EAPSI_Symbiodinaceae"
EAPSIsamples="Wt1-1a Wt1-1b Wt1-1c Wt1-4a Wt1-4b Wt1-4c Wt1-5a Wt1-5b Wt1-5c Wt1-6a Wt1-6b Wt1-6c Wt2-1a Wt2-1b Wt2-1c Wt2-4a Wt2-4b Wt2-4c Wt2-5a Wt2-5b Wt2-5c Wt2-6a Wt2-6b Wt2-6c Hw1-1a Hw1-1b Hw1-1c Hw1-4a Hw1-4b Hw1-4c Hw1-5a Hw1-5b Hw1-5c Hw1-6a Hw1-6b Hw1-6c Hw2-1a Hw2-1b Hw2-1c Hw2-4a Hw2-4b Hw2-4c Hw2-5a Hw2-5b Hw2-5c Hw2-6b Hw2-6c"
EAPSIsamples_4="Wt1-1b Wt1-5c Wt1-6b Wt2-5c"

#lets me know which files are being processed
echo "These are the reads to be aligned to the Cladocopium goreaui reference genome: $EAPSIsamples"

#loop to automate generation of scripts to direct sequence file trimming
for EAPSIsample in $EAPSIsamples_4
do \
echo "Aligning ${EAPSIsample}"

#   input BSUB commands
echo '#!/bin/bash' > "${prodir}"/bash/jobs/"${EAPSIsample}"_staralign_symC1.job
echo '#BSUB -q general' >> "${prodir}"/bash/jobs/"${EAPSIsample}"_staralign_symC1.job
echo '#BSUB -J '"${EAPSIsample}"_staralign_symC1'' >> "${prodir}"/bash/jobs/"${EAPSIsample}"_staralign_symC1.job
echo '#BSUB -o '"${prodir}"/logfiles/"$EAPSIsample"_staralign_symC1%J.out'' >> "${prodir}"/bash/jobs/"${EAPSIsample}"_staralign_symC1.job
echo '#BSUB -e '"${prodir}"/errorfiles/"$EAPSIsample"_staralign_symC1%J.err'' >> "${prodir}"/bash/jobs/"${EAPSIsample}"_staralign_symC1.job
echo '#BSUB -n 8' >> "${prodir}"/bash/jobs/"${EAPSIsample}"_staralign_symC1.job
echo '#BSUB -W 4:00' >> "${prodir}"/bash/jobs/"${EAPSIsample}"_staralign_symC1.job

#   input command to run STAR aligner
echo ${mcs}/programs/STAR-2.5.3a/bin/Linux_x86_64/STAR \
--runMode alignReads \
--quantMode TranscriptomeSAM \
--runThreadN 16 \
--readFilesIn ${prodir}/outputs/STARalign_Pdam/${EAPSIsample}_PdamUnmapped.out.mate1 \
--genomeDir ${mcs}/sequences/genomes/symbiodinium/STARindex \
--sjdbGTFfeatureExon exon \
--sjdbGTFtagExonParentTranscript Parent \
--sjdbGTFfile  ${mcs}/sequences/genomes/symbiodinium/symC1_genome.gff \
--outStd Log BAM_Unsorted BAM_Quant \
--outSAMtype BAM Unsorted \
--outReadsUnmapped Fastx \
--outFileNamePrefix ${prodir}/outputs/STARalign_SymC1/${EAPSIsample}_SymC1_4 >> "${prodir}"/bash/jobs/"${EAPSIsample}"_staralign_symC1.job

#lets me know file is done
echo 'echo' "STAR alignment of $EAPSIsample complete" >> "${prodir}"/bash/jobs/"${EAPSIsample}"_staralign_symC1.job
echo "STAR alignment script of $EAPSIsample submitted"

(... more ...)
------------------------------------------------------------

Successfully completed.

Resource usage summary:

    CPU time :                                   0.10 sec.
    Total Requested Memory :                     12000.00 MB
    Delta Memory :                               -

The output (if any) follows:

These are the reads to be aligned to the Cladocopium goreaui reference genome: Wt1-1a Wt1-1b Wt1-1c Wt1-4a Wt1-4b Wt1-4c Wt1-5a Wt1-5b Wt1-5c Wt1-6a Wt1-6b Wt1-6c Wt2-1a Wt2-1b Wt2-1c Wt2-4a Wt2-4b Wt2-4c Wt2-5a Wt2-5b Wt2-5c Wt2-6a Wt2-6b Wt2-6c Hw1-1a Hw1-1b Hw1-1c Hw1-4a Hw1-4b Hw1-4c Hw1-5a Hw1-5b Hw1-5c Hw1-6a Hw1-6b Hw1-6c Hw2-1a Hw2-1b Hw2-1c Hw2-4a Hw2-4b Hw2-4c Hw2-5a Hw2-5b Hw2-5c Hw2-6b Hw2-6c
Aligning Wt1-1b
STAR alignment script of Wt1-1b submitted
Job <23523076> is submitted to queue <general>.
Aligning Wt1-5c
STAR alignment script of Wt1-5c submitted
Job <23523077> is submitted to queue <general>.
Aligning Wt1-6b
STAR alignment script of Wt1-6b submitted
Job <23523078> is submitted to queue <general>.
Aligning Wt2-5c
STAR alignment script of Wt2-5c submitted
Job <23523079> is submitted to queue <general>.


PS:

Read file <STARwrap_symC123523075.err> for stderr output of this job.

