[2019-07-18 11:37:31,137] multiqc                                            [DEBUG  ]  No MultiQC config found: /Users/mikeconnelly/computing/programs/miniconda2/lib/python3.7/site-packages/multiqc_config.yaml
[2019-07-18 11:37:31,137] multiqc                                            [DEBUG  ]  No MultiQC config found: /Users/mikeconnelly/.multiqc_config.yaml
[2019-07-18 11:37:31,137] multiqc                                            [DEBUG  ]  No MultiQC config found: multiqc_config.yaml
[2019-07-18 11:37:31,137] multiqc                                            [DEBUG  ]  Command used: /Users/mikeconnelly/computing/programs/miniconda2/bin/multiqc .
[2019-07-18 11:37:32,373] multiqc                                            [DEBUG  ]  Latest MultiQC version is v1.7
[2019-07-18 11:37:32,373] multiqc                                            [INFO   ]  This is MultiQC v1.7 (ff743f6)
[2019-07-18 11:37:32,373] multiqc                                            [DEBUG  ]  Command     : /Users/mikeconnelly/computing/programs/miniconda2/bin/multiqc .
[2019-07-18 11:37:32,374] multiqc                                            [DEBUG  ]  Working dir : /Users/mikeconnelly/computing/scripts/EAPSI-demi
[2019-07-18 11:37:32,374] multiqc                                            [INFO   ]  Template    : default
[2019-07-18 11:37:32,374] multiqc                                            [INFO   ]  Searching '.'
[2019-07-18 11:37:32,374] multiqc                                            [DEBUG  ]  Analysing modules: custom_content, conpair, peddy, methylQA, phantompeakqualtools, qualimap, preseq, quast, qorts, rna_seqc, rsem, rseqc, busco, goleft_indexcov, disambiguate, supernova, deeptools, sargasso, verifybamid, mirtrace, happy, homer, macs2, theta2, snpeff, gatk, htseq, bcftools, featureCounts, dedup, damageprofiler, picard, prokka, samblaster, samtools, bamtools, jellyfish, vcftools, longranger, stacks, bbmap, bismark, biscuit, hicexplorer, hicup, hicpro, salmon, kallisto, slamdunk, star, hisat2, tophat, bowtie2, bowtie1, kat, leehom, adapterRemoval, clipandmerge, cutadapt, flexbar, trimmomatic, skewer, sortmerna, biobloomtools, fastq_screen, afterqc, fastp, fastqc, minionqc, clusterflow, bcl2fastq, interop, flash
[2019-07-18 11:37:32,374] multiqc                                            [DEBUG  ]  Using temporary directory for creating report: /var/folders/1y/kj04j1r14wl12yhwwhpfjwl80000gn/T/tmpodiu4dhn
[2019-07-18 11:37:32,892] multiqc                                            [DEBUG  ]  No samples found: custom_content
[2019-07-18 11:37:32,897] multiqc                                            [DEBUG  ]  No samples found: conpair
[2019-07-18 11:37:32,902] multiqc                                            [DEBUG  ]  No samples found: peddy
[2019-07-18 11:37:32,906] multiqc                                            [DEBUG  ]  No samples found: methylQA
[2019-07-18 11:37:32,910] multiqc                                            [DEBUG  ]  No samples found: phantompeakqualtools
[2019-07-18 11:37:32,917] multiqc                                            [DEBUG  ]  No samples found: qualimap
[2019-07-18 11:37:32,922] multiqc                                            [DEBUG  ]  No samples found: preseq
[2019-07-18 11:37:32,928] multiqc                                            [DEBUG  ]  No samples found: quast
[2019-07-18 11:37:32,932] multiqc                                            [DEBUG  ]  No samples found: qorts
[2019-07-18 11:37:32,936] multiqc                                            [DEBUG  ]  No samples found: rna_seqc
[2019-07-18 11:37:32,940] multiqc                                            [DEBUG  ]  No samples found: rsem
[2019-07-18 11:37:32,953] multiqc                                            [DEBUG  ]  No samples found: rseqc
[2019-07-18 11:37:32,958] multiqc                                            [DEBUG  ]  No samples found: busco
[2019-07-18 11:37:32,962] multiqc                                            [DEBUG  ]  No samples found: goleft_indexcov
[2019-07-18 11:37:32,966] multiqc                                            [DEBUG  ]  No samples found: disambiguate
[2019-07-18 11:37:32,972] multiqc                                            [DEBUG  ]  No samples found: supernova
[2019-07-18 11:37:32,986] multiqc                                            [DEBUG  ]  No samples found: deeptools
[2019-07-18 11:37:32,990] multiqc                                            [DEBUG  ]  No samples found: sargasso
[2019-07-18 11:37:32,996] multiqc                                            [DEBUG  ]  No samples found: verifybamid
[2019-07-18 11:37:33,000] multiqc                                            [DEBUG  ]  No samples found: mirtrace
[2019-07-18 11:37:33,005] multiqc                                            [DEBUG  ]  No samples found: happy
[2019-07-18 11:37:33,012] multiqc                                            [DEBUG  ]  No samples found: homer
[2019-07-18 11:37:33,016] multiqc                                            [DEBUG  ]  No samples found: macs2
[2019-07-18 11:37:33,021] multiqc                                            [DEBUG  ]  No samples found: theta2
[2019-07-18 11:37:33,025] multiqc                                            [DEBUG  ]  No samples found: snpeff
[2019-07-18 11:37:33,031] multiqc                                            [DEBUG  ]  No samples found: gatk
[2019-07-18 11:37:33,035] multiqc                                            [DEBUG  ]  No samples found: htseq
[2019-07-18 11:37:33,040] multiqc                                            [DEBUG  ]  No samples found: bcftools
[2019-07-18 11:37:33,045] multiqc                                            [DEBUG  ]  No samples found: featureCounts
[2019-07-18 11:37:33,049] multiqc                                            [DEBUG  ]  No samples found: dedup
[2019-07-18 11:37:33,053] multiqc                                            [DEBUG  ]  No samples found: damageprofiler
[2019-07-18 11:37:33,073] multiqc                                            [DEBUG  ]  No samples found: picard
[2019-07-18 11:37:33,077] multiqc                                            [DEBUG  ]  No samples found: prokka
[2019-07-18 11:37:33,083] multiqc                                            [DEBUG  ]  No samples found: samblaster
[2019-07-18 11:37:33,094] multiqc                                            [DEBUG  ]  No samples found: samtools
[2019-07-18 11:37:33,099] multiqc                                            [DEBUG  ]  No samples found: bamtools
[2019-07-18 11:37:33,104] multiqc                                            [DEBUG  ]  No samples found: jellyfish
[2019-07-18 11:37:33,113] multiqc                                            [DEBUG  ]  No samples found: vcftools
[2019-07-18 11:37:33,118] multiqc                                            [DEBUG  ]  No samples found: longranger
[2019-07-18 11:37:33,122] multiqc                                            [DEBUG  ]  No samples found: stacks
[2019-07-18 11:37:33,139] multiqc                                            [DEBUG  ]  No samples found: bbmap
[2019-07-18 11:37:33,144] multiqc                                            [DEBUG  ]  No samples found: bismark
[2019-07-18 11:37:33,149] multiqc                                            [DEBUG  ]  No samples found: biscuit
[2019-07-18 11:37:33,154] multiqc                                            [DEBUG  ]  No samples found: hicexplorer
[2019-07-18 11:37:33,159] multiqc                                            [DEBUG  ]  No samples found: hicup
[2019-07-18 11:37:33,163] multiqc                                            [DEBUG  ]  No samples found: hicpro
[2019-07-18 11:37:33,168] multiqc                                            [DEBUG  ]  No samples found: salmon
[2019-07-18 11:37:33,173] multiqc                                            [DEBUG  ]  No samples found: kallisto
[2019-07-18 11:37:33,178] multiqc                                            [DEBUG  ]  No samples found: slamdunk
[2019-07-18 11:37:33,192] multiqc.modules.star.star                          [INFO   ]  Found 23 reports
[2019-07-18 11:37:33,198] multiqc                                            [DEBUG  ]  No samples found: hisat2
[2019-07-18 11:37:33,202] multiqc                                            [DEBUG  ]  No samples found: tophat
[2019-07-18 11:37:33,206] multiqc                                            [DEBUG  ]  No samples found: bowtie2
[2019-07-18 11:37:33,209] multiqc                                            [DEBUG  ]  No samples found: bowtie1
[2019-07-18 11:37:33,213] multiqc                                            [DEBUG  ]  No samples found: kat
[2019-07-18 11:37:33,217] multiqc                                            [DEBUG  ]  No samples found: leehom
[2019-07-18 11:37:33,222] multiqc                                            [DEBUG  ]  No samples found: adapterRemoval
[2019-07-18 11:37:33,226] multiqc                                            [DEBUG  ]  No samples found: clipandmerge
[2019-07-18 11:37:33,230] multiqc                                            [DEBUG  ]  No samples found: cutadapt
[2019-07-18 11:37:33,233] multiqc                                            [DEBUG  ]  No samples found: flexbar
[2019-07-18 11:37:33,237] multiqc                                            [DEBUG  ]  No samples found: trimmomatic
[2019-07-18 11:37:33,241] multiqc                                            [DEBUG  ]  No samples found: skewer
[2019-07-18 11:37:33,244] multiqc                                            [DEBUG  ]  No samples found: sortmerna
[2019-07-18 11:37:33,248] multiqc                                            [DEBUG  ]  No samples found: biobloomtools
[2019-07-18 11:37:33,252] multiqc                                            [DEBUG  ]  No samples found: fastq_screen
[2019-07-18 11:37:33,257] multiqc                                            [DEBUG  ]  No samples found: afterqc
[2019-07-18 11:37:33,261] multiqc                                            [DEBUG  ]  No samples found: fastp
[2019-07-18 11:37:33,265] multiqc                                            [DEBUG  ]  No samples found: fastqc
[2019-07-18 11:37:33,270] multiqc                                            [DEBUG  ]  No samples found: minionqc
[2019-07-18 11:37:33,274] multiqc                                            [DEBUG  ]  No samples found: clusterflow
[2019-07-18 11:37:33,277] multiqc                                            [DEBUG  ]  No samples found: bcl2fastq
[2019-07-18 11:37:33,281] multiqc                                            [DEBUG  ]  No samples found: interop
[2019-07-18 11:37:33,285] multiqc                                            [DEBUG  ]  No samples found: flash
[2019-07-18 11:37:33,296] multiqc                                            [INFO   ]  Compressing plot data
[2019-07-18 11:37:33,304] multiqc                                            [INFO   ]  Report      : multiqc_report.html
[2019-07-18 11:37:33,304] multiqc                                            [INFO   ]  Data        : multiqc_data
[2019-07-18 11:37:33,304] multiqc                                            [DEBUG  ]  Moving data file from '/var/folders/1y/kj04j1r14wl12yhwwhpfjwl80000gn/T/tmpodiu4dhn/multiqc_data/multiqc_star.txt' to '/Users/mikeconnelly/computing/scripts/EAPSI-demi/multiqc_data'
[2019-07-18 11:37:33,305] multiqc                                            [DEBUG  ]  Moving data file from '/var/folders/1y/kj04j1r14wl12yhwwhpfjwl80000gn/T/tmpodiu4dhn/multiqc_data/multiqc_general_stats.txt' to '/Users/mikeconnelly/computing/scripts/EAPSI-demi/multiqc_data'
[2019-07-18 11:37:33,305] multiqc                                            [DEBUG  ]  Moving data file from '/var/folders/1y/kj04j1r14wl12yhwwhpfjwl80000gn/T/tmpodiu4dhn/multiqc_data/multiqc_sources.txt' to '/Users/mikeconnelly/computing/scripts/EAPSI-demi/multiqc_data'
[2019-07-18 11:37:33,305] multiqc                                            [DEBUG  ]  Moving data file from '/var/folders/1y/kj04j1r14wl12yhwwhpfjwl80000gn/T/tmpodiu4dhn/multiqc_data/multiqc_data.json' to '/Users/mikeconnelly/computing/scripts/EAPSI-demi/multiqc_data'
[2019-07-18 11:37:33,443] multiqc                                            [INFO   ]  MultiQC complete
