[2019-07-18 11:46:34,041] multiqc                                            [DEBUG  ]  No MultiQC config found: /Users/mikeconnelly/computing/programs/miniconda2/lib/python3.7/site-packages/multiqc_config.yaml
[2019-07-18 11:46:34,041] multiqc                                            [DEBUG  ]  No MultiQC config found: /Users/mikeconnelly/.multiqc_config.yaml
[2019-07-18 11:46:34,041] multiqc                                            [DEBUG  ]  No MultiQC config found: multiqc_config.yaml
[2019-07-18 11:46:34,041] multiqc                                            [DEBUG  ]  Command used: /Users/mikeconnelly/computing/programs/miniconda2/bin/multiqc .
[2019-07-18 11:46:34,848] multiqc                                            [DEBUG  ]  Latest MultiQC version is v1.7
[2019-07-18 11:46:34,848] multiqc                                            [INFO   ]  This is MultiQC v1.7 (ff743f6)
[2019-07-18 11:46:34,848] multiqc                                            [DEBUG  ]  Command     : /Users/mikeconnelly/computing/programs/miniconda2/bin/multiqc .
[2019-07-18 11:46:34,848] multiqc                                            [DEBUG  ]  Working dir : /Users/mikeconnelly/computing/scripts/EAPSI-demi/Pdam_star
[2019-07-18 11:46:34,848] multiqc                                            [INFO   ]  Template    : default
[2019-07-18 11:46:34,848] multiqc                                            [INFO   ]  Searching '.'
[2019-07-18 11:46:34,849] multiqc                                            [DEBUG  ]  Analysing modules: custom_content, conpair, peddy, methylQA, phantompeakqualtools, qualimap, preseq, quast, qorts, rna_seqc, rsem, rseqc, busco, goleft_indexcov, disambiguate, supernova, deeptools, sargasso, verifybamid, mirtrace, happy, homer, macs2, theta2, snpeff, gatk, htseq, bcftools, featureCounts, dedup, damageprofiler, picard, prokka, samblaster, samtools, bamtools, jellyfish, vcftools, longranger, stacks, bbmap, bismark, biscuit, hicexplorer, hicup, hicpro, salmon, kallisto, slamdunk, star, hisat2, tophat, bowtie2, bowtie1, kat, leehom, adapterRemoval, clipandmerge, cutadapt, flexbar, trimmomatic, skewer, sortmerna, biobloomtools, fastq_screen, afterqc, fastp, fastqc, minionqc, clusterflow, bcl2fastq, interop, flash
[2019-07-18 11:46:34,849] multiqc                                            [DEBUG  ]  Using temporary directory for creating report: /var/folders/1y/kj04j1r14wl12yhwwhpfjwl80000gn/T/tmpyy675ihp
[2019-07-18 11:46:35,120] multiqc                                            [DEBUG  ]  No samples found: custom_content
[2019-07-18 11:46:35,122] multiqc                                            [DEBUG  ]  No samples found: conpair
[2019-07-18 11:46:35,125] multiqc                                            [DEBUG  ]  No samples found: peddy
[2019-07-18 11:46:35,127] multiqc                                            [DEBUG  ]  No samples found: methylQA
[2019-07-18 11:46:35,130] multiqc                                            [DEBUG  ]  No samples found: phantompeakqualtools
[2019-07-18 11:46:35,132] multiqc                                            [DEBUG  ]  No samples found: qualimap
[2019-07-18 11:46:35,135] multiqc                                            [DEBUG  ]  No samples found: preseq
[2019-07-18 11:46:35,139] multiqc                                            [DEBUG  ]  No samples found: quast
[2019-07-18 11:46:35,142] multiqc                                            [DEBUG  ]  No samples found: qorts
[2019-07-18 11:46:35,144] multiqc                                            [DEBUG  ]  No samples found: rna_seqc
[2019-07-18 11:46:35,147] multiqc                                            [DEBUG  ]  No samples found: rsem
[2019-07-18 11:46:35,151] multiqc                                            [DEBUG  ]  No samples found: rseqc
[2019-07-18 11:46:35,153] multiqc                                            [DEBUG  ]  No samples found: busco
[2019-07-18 11:46:35,156] multiqc                                            [DEBUG  ]  No samples found: goleft_indexcov
[2019-07-18 11:46:35,158] multiqc                                            [DEBUG  ]  No samples found: disambiguate
[2019-07-18 11:46:35,161] multiqc                                            [DEBUG  ]  No samples found: supernova
[2019-07-18 11:46:35,165] multiqc                                            [DEBUG  ]  No samples found: deeptools
[2019-07-18 11:46:35,167] multiqc                                            [DEBUG  ]  No samples found: sargasso
[2019-07-18 11:46:35,170] multiqc                                            [DEBUG  ]  No samples found: verifybamid
[2019-07-18 11:46:35,173] multiqc                                            [DEBUG  ]  No samples found: mirtrace
[2019-07-18 11:46:35,175] multiqc                                            [DEBUG  ]  No samples found: happy
[2019-07-18 11:46:35,178] multiqc                                            [DEBUG  ]  No samples found: homer
[2019-07-18 11:46:35,180] multiqc                                            [DEBUG  ]  No samples found: macs2
[2019-07-18 11:46:35,183] multiqc                                            [DEBUG  ]  No samples found: theta2
[2019-07-18 11:46:35,185] multiqc                                            [DEBUG  ]  No samples found: snpeff
[2019-07-18 11:46:35,189] multiqc                                            [DEBUG  ]  No samples found: gatk
[2019-07-18 11:46:35,191] multiqc                                            [DEBUG  ]  No samples found: htseq
[2019-07-18 11:46:35,194] multiqc                                            [DEBUG  ]  No samples found: bcftools
[2019-07-18 11:46:35,196] multiqc                                            [DEBUG  ]  No samples found: featureCounts
[2019-07-18 11:46:35,198] multiqc                                            [DEBUG  ]  No samples found: dedup
[2019-07-18 11:46:35,200] multiqc                                            [DEBUG  ]  No samples found: damageprofiler
[2019-07-18 11:46:35,206] multiqc                                            [DEBUG  ]  No samples found: picard
[2019-07-18 11:46:35,210] multiqc                                            [DEBUG  ]  No samples found: prokka
[2019-07-18 11:46:35,213] multiqc                                            [DEBUG  ]  No samples found: samblaster
[2019-07-18 11:46:35,216] multiqc                                            [DEBUG  ]  No samples found: samtools
[2019-07-18 11:46:35,219] multiqc                                            [DEBUG  ]  No samples found: bamtools
[2019-07-18 11:46:35,222] multiqc                                            [DEBUG  ]  No samples found: jellyfish
[2019-07-18 11:46:35,225] multiqc                                            [DEBUG  ]  No samples found: vcftools
[2019-07-18 11:46:35,228] multiqc                                            [DEBUG  ]  No samples found: longranger
[2019-07-18 11:46:35,230] multiqc                                            [DEBUG  ]  No samples found: stacks
[2019-07-18 11:46:35,234] multiqc                                            [DEBUG  ]  No samples found: bbmap
[2019-07-18 11:46:35,237] multiqc                                            [DEBUG  ]  No samples found: bismark
[2019-07-18 11:46:35,240] multiqc                                            [DEBUG  ]  No samples found: biscuit
[2019-07-18 11:46:35,242] multiqc                                            [DEBUG  ]  No samples found: hicexplorer
[2019-07-18 11:46:35,245] multiqc                                            [DEBUG  ]  No samples found: hicup
[2019-07-18 11:46:35,247] multiqc                                            [DEBUG  ]  No samples found: hicpro
[2019-07-18 11:46:35,249] multiqc                                            [DEBUG  ]  No samples found: salmon
[2019-07-18 11:46:35,252] multiqc                                            [DEBUG  ]  No samples found: kallisto
[2019-07-18 11:46:35,255] multiqc                                            [DEBUG  ]  No samples found: slamdunk
[2019-07-18 11:46:35,266] multiqc.modules.star.star                          [INFO   ]  Found 23 reports
[2019-07-18 11:46:35,271] multiqc                                            [DEBUG  ]  No samples found: hisat2
[2019-07-18 11:46:35,274] multiqc                                            [DEBUG  ]  No samples found: tophat
[2019-07-18 11:46:35,277] multiqc                                            [DEBUG  ]  No samples found: bowtie2
[2019-07-18 11:46:35,279] multiqc                                            [DEBUG  ]  No samples found: bowtie1
[2019-07-18 11:46:35,281] multiqc                                            [DEBUG  ]  No samples found: kat
[2019-07-18 11:46:35,284] multiqc                                            [DEBUG  ]  No samples found: leehom
[2019-07-18 11:46:35,286] multiqc                                            [DEBUG  ]  No samples found: adapterRemoval
[2019-07-18 11:46:35,289] multiqc                                            [DEBUG  ]  No samples found: clipandmerge
[2019-07-18 11:46:35,291] multiqc                                            [DEBUG  ]  No samples found: cutadapt
[2019-07-18 11:46:35,293] multiqc                                            [DEBUG  ]  No samples found: flexbar
[2019-07-18 11:46:35,296] multiqc                                            [DEBUG  ]  No samples found: trimmomatic
[2019-07-18 11:46:35,298] multiqc                                            [DEBUG  ]  No samples found: skewer
[2019-07-18 11:46:35,300] multiqc                                            [DEBUG  ]  No samples found: sortmerna
[2019-07-18 11:46:35,304] multiqc                                            [DEBUG  ]  No samples found: biobloomtools
[2019-07-18 11:46:35,308] multiqc                                            [DEBUG  ]  No samples found: fastq_screen
[2019-07-18 11:46:35,311] multiqc                                            [DEBUG  ]  No samples found: afterqc
[2019-07-18 11:46:35,315] multiqc                                            [DEBUG  ]  No samples found: fastp
[2019-07-18 11:46:35,318] multiqc                                            [DEBUG  ]  No samples found: fastqc
[2019-07-18 11:46:35,321] multiqc                                            [DEBUG  ]  No samples found: minionqc
[2019-07-18 11:46:35,323] multiqc                                            [DEBUG  ]  No samples found: clusterflow
[2019-07-18 11:46:35,326] multiqc                                            [DEBUG  ]  No samples found: bcl2fastq
[2019-07-18 11:46:35,328] multiqc                                            [DEBUG  ]  No samples found: interop
[2019-07-18 11:46:35,330] multiqc                                            [DEBUG  ]  No samples found: flash
[2019-07-18 11:46:35,342] multiqc                                            [INFO   ]  Compressing plot data
[2019-07-18 11:46:35,349] multiqc                                            [INFO   ]  Report      : multiqc_report.html
[2019-07-18 11:46:35,349] multiqc                                            [INFO   ]  Data        : multiqc_data
[2019-07-18 11:46:35,349] multiqc                                            [DEBUG  ]  Moving data file from '/var/folders/1y/kj04j1r14wl12yhwwhpfjwl80000gn/T/tmpyy675ihp/multiqc_data/multiqc_star.txt' to '/Users/mikeconnelly/computing/scripts/EAPSI-demi/Pdam_star/multiqc_data'
[2019-07-18 11:46:35,350] multiqc                                            [DEBUG  ]  Moving data file from '/var/folders/1y/kj04j1r14wl12yhwwhpfjwl80000gn/T/tmpyy675ihp/multiqc_data/multiqc_general_stats.txt' to '/Users/mikeconnelly/computing/scripts/EAPSI-demi/Pdam_star/multiqc_data'
[2019-07-18 11:46:35,350] multiqc                                            [DEBUG  ]  Moving data file from '/var/folders/1y/kj04j1r14wl12yhwwhpfjwl80000gn/T/tmpyy675ihp/multiqc_data/multiqc_sources.txt' to '/Users/mikeconnelly/computing/scripts/EAPSI-demi/Pdam_star/multiqc_data'
[2019-07-18 11:46:35,350] multiqc                                            [DEBUG  ]  Moving data file from '/var/folders/1y/kj04j1r14wl12yhwwhpfjwl80000gn/T/tmpyy675ihp/multiqc_data/multiqc_data.json' to '/Users/mikeconnelly/computing/scripts/EAPSI-demi/Pdam_star/multiqc_data'
[2019-07-18 11:46:35,470] multiqc                                            [INFO   ]  MultiQC complete
